<?xml version="1.0" encoding="UTF-8" standalone="no"?>
<!DOCTYPE report PUBLIC "-//JACOCO//DTD Report 1.1//EN" "report.dtd"[]>
<report name="Pester (07/24/2026 09:29:37)">
  <sessioninfo id="this" start="1784885356026" dump="1784885377688" />
  <package name="powershell/commands">
    <class name="powershell/commands/Config" sourcefilename="commands/Config.psm1">
      <method name="&lt;script&gt;" desc="()" line="16">
        <counter type="INSTRUCTION" missed="0" covered="15" />
        <counter type="LINE" missed="0" covered="9" />
        <counter type="METHOD" missed="0" covered="1" />
      </method>
      <method name="Test-JiraMappingValidity" desc="()" line="40">
        <counter type="INSTRUCTION" missed="1" covered="22" />
        <counter type="LINE" missed="0" covered="12" />
        <counter type="METHOD" missed="0" covered="1" />
      </method>
      <method name="New-JiraProjectMapping" desc="()" line="74">
        <counter type="INSTRUCTION" missed="0" covered="16" />
        <counter type="LINE" missed="0" covered="10" />
        <counter type="METHOD" missed="0" covered="1" />
      </method>
      <method name="Get-JiraResolvedIdMap" desc="()" line="99">
        <counter type="INSTRUCTION" missed="0" covered="20" />
        <counter type="LINE" missed="0" covered="5" />
        <counter type="METHOD" missed="0" covered="1" />
      </method>
      <method name="Invoke-JiraConfig" desc="()" line="117">
        <counter type="INSTRUCTION" missed="17" covered="108" />
        <counter type="LINE" missed="8" covered="72" />
        <counter type="METHOD" missed="0" covered="1" />
      </method>
      <counter type="INSTRUCTION" missed="18" covered="181" />
      <counter type="LINE" missed="8" covered="108" />
      <counter type="METHOD" missed="0" covered="5" />
      <counter type="CLASS" missed="0" covered="1" />
    </class>
    <class name="powershell/commands/Mention" sourcefilename="commands/Mention.psm1">
      <method name="&lt;script&gt;" desc="()" line="12">
        <counter type="INSTRUCTION" missed="0" covered="10" />
        <counter type="LINE" missed="0" covered="6" />
        <counter type="METHOD" missed="0" covered="1" />
      </method>
      <method name="Invoke-JiraMention" desc="()" line="28">
        <counter type="INSTRUCTION" missed="21" covered="82" />
        <counter type="LINE" missed="7" covered="44" />
        <counter type="METHOD" missed="0" covered="1" />
      </method>
      <counter type="INSTRUCTION" missed="21" covered="92" />
      <counter type="LINE" missed="7" covered="50" />
      <counter type="METHOD" missed="0" covered="2" />
      <counter type="CLASS" missed="0" covered="1" />
    </class>
    <class name="powershell/commands/Reconcile" sourcefilename="commands/Reconcile.psm1">
      <method name="&lt;script&gt;" desc="()" line="11">
        <counter type="INSTRUCTION" missed="0" covered="15" />
        <counter type="LINE" missed="0" covered="9" />
        <counter type="METHOD" missed="0" covered="1" />
      </method>
      <method name="Get-JiraReconcilePlanContext" desc="()" line="27">
        <counter type="INSTRUCTION" missed="0" covered="12" />
        <counter type="LINE" missed="0" covered="7" />
        <counter type="METHOD" missed="0" covered="1" />
      </method>
      <method name="Invoke-JiraReconcile" desc="()" line="46">
        <counter type="INSTRUCTION" missed="42" covered="108" />
        <counter type="LINE" missed="23" covered="66" />
        <counter type="METHOD" missed="0" covered="1" />
      </method>
      <counter type="INSTRUCTION" missed="42" covered="135" />
      <counter type="LINE" missed="23" covered="82" />
      <counter type="METHOD" missed="0" covered="3" />
      <counter type="CLASS" missed="0" covered="1" />
    </class>
    <sourcefile name="commands/Config.psm1">
      <line nr="16" mi="0" ci="1" mb="0" cb="0" />
      <line nr="18" mi="0" ci="2" mb="0" cb="0" />
      <line nr="19" mi="0" ci="2" mb="0" cb="0" />
      <line nr="20" mi="0" ci="2" mb="0" cb="0" />
      <line nr="21" mi="0" ci="2" mb="0" cb="0" />
      <line nr="22" mi="0" ci="2" mb="0" cb="0" />
      <line nr="23" mi="0" ci="2" mb="0" cb="0" />
      <line nr="25" mi="0" ci="1" mb="0" cb="0" />
      <line nr="40" mi="0" ci="2" mb="0" cb="0" />
      <line nr="42" mi="0" ci="2" mb="0" cb="0" />
      <line nr="43" mi="0" ci="3" mb="0" cb="0" />
      <line nr="45" mi="0" ci="4" mb="0" cb="0" />
      <line nr="46" mi="0" ci="4" mb="0" cb="0" />
      <line nr="48" mi="0" ci="1" mb="0" cb="0" />
      <line nr="49" mi="1" ci="1" mb="0" cb="0" />
      <line nr="51" mi="0" ci="1" mb="0" cb="0" />
      <line nr="52" mi="0" ci="1" mb="0" cb="0" />
      <line nr="53" mi="0" ci="1" mb="0" cb="0" />
      <line nr="54" mi="0" ci="1" mb="0" cb="0" />
      <line nr="56" mi="0" ci="1" mb="0" cb="0" />
      <line nr="74" mi="0" ci="1" mb="0" cb="0" />
      <line nr="75" mi="0" ci="1" mb="0" cb="0" />
      <line nr="76" mi="0" ci="3" mb="0" cb="0" />
      <line nr="79" mi="0" ci="1" mb="0" cb="0" />
      <line nr="80" mi="0" ci="1" mb="0" cb="0" />
      <line nr="81" mi="0" ci="1" mb="0" cb="0" />
      <line nr="82" mi="0" ci="1" mb="0" cb="0" />
      <line nr="83" mi="0" ci="1" mb="0" cb="0" />
      <line nr="85" mi="0" ci="2" mb="0" cb="0" />
      <line nr="87" mi="0" ci="4" mb="0" cb="0" />
      <line nr="99" mi="0" ci="2" mb="0" cb="0" />
      <line nr="100" mi="0" ci="4" mb="0" cb="0" />
      <line nr="101" mi="0" ci="4" mb="0" cb="0" />
      <line nr="102" mi="0" ci="4" mb="0" cb="0" />
      <line nr="103" mi="0" ci="6" mb="0" cb="0" />
      <line nr="117" mi="0" ci="1" mb="0" cb="0" />
      <line nr="118" mi="0" ci="1" mb="0" cb="0" />
      <line nr="119" mi="0" ci="2" mb="0" cb="0" />
      <line nr="120" mi="0" ci="2" mb="0" cb="0" />
      <line nr="122" mi="0" ci="1" mb="0" cb="0" />
      <line nr="123" mi="3" ci="0" mb="0" cb="0" />
      <line nr="124" mi="1" ci="0" mb="0" cb="0" />
      <line nr="126" mi="0" ci="1" mb="0" cb="0" />
      <line nr="127" mi="0" ci="1" mb="0" cb="0" />
      <line nr="129" mi="1" ci="2" mb="0" cb="0" />
      <line nr="132" mi="0" ci="1" mb="0" cb="0" />
      <line nr="133" mi="1" ci="1" mb="0" cb="0" />
      <line nr="134" mi="0" ci="2" mb="0" cb="0" />
      <line nr="141" mi="0" ci="1" mb="0" cb="0" />
      <line nr="142" mi="0" ci="1" mb="0" cb="0" />
      <line nr="143" mi="0" ci="3" mb="0" cb="0" />
      <line nr="144" mi="0" ci="1" mb="0" cb="0" />
      <line nr="150" mi="0" ci="1" mb="0" cb="0" />
      <line nr="151" mi="0" ci="1" mb="0" cb="0" />
      <line nr="152" mi="0" ci="1" mb="0" cb="0" />
      <line nr="153" mi="0" ci="1" mb="0" cb="0" />
      <line nr="154" mi="0" ci="2" mb="0" cb="0" />
      <line nr="158" mi="0" ci="1" mb="0" cb="0" />
      <line nr="159" mi="0" ci="1" mb="0" cb="0" />
      <line nr="160" mi="0" ci="3" mb="0" cb="0" />
      <line nr="161" mi="0" ci="1" mb="0" cb="0" />
      <line nr="162" mi="0" ci="1" mb="0" cb="0" />
      <line nr="163" mi="0" ci="1" mb="0" cb="0" />
      <line nr="164" mi="0" ci="1" mb="0" cb="0" />
      <line nr="165" mi="1" ci="1" mb="0" cb="0" />
      <line nr="166" mi="0" ci="4" mb="0" cb="0" />
      <line nr="167" mi="0" ci="1" mb="0" cb="0" />
      <line nr="172" mi="0" ci="1" mb="0" cb="0" />
      <line nr="173" mi="0" ci="1" mb="0" cb="0" />
      <line nr="174" mi="0" ci="2" mb="0" cb="0" />
      <line nr="176" mi="0" ci="1" mb="0" cb="0" />
      <line nr="177" mi="0" ci="2" mb="0" cb="0" />
      <line nr="180" mi="0" ci="1" mb="0" cb="0" />
      <line nr="181" mi="0" ci="2" mb="0" cb="0" />
      <line nr="182" mi="0" ci="1" mb="0" cb="0" />
      <line nr="184" mi="0" ci="3" mb="0" cb="0" />
      <line nr="185" mi="0" ci="1" mb="0" cb="0" />
      <line nr="187" mi="0" ci="1" mb="0" cb="0" />
      <line nr="188" mi="0" ci="3" mb="0" cb="0" />
      <line nr="194" mi="0" ci="2" mb="0" cb="0" />
      <line nr="195" mi="1" ci="1" mb="0" cb="0" />
      <line nr="196" mi="1" ci="2" mb="0" cb="0" />
      <line nr="197" mi="0" ci="2" mb="0" cb="0" />
      <line nr="198" mi="0" ci="1" mb="0" cb="0" />
      <line nr="199" mi="0" ci="1" mb="0" cb="0" />
      <line nr="200" mi="0" ci="1" mb="0" cb="0" />
      <line nr="201" mi="1" ci="0" mb="0" cb="0" />
      <line nr="202" mi="0" ci="1" mb="0" cb="0" />
      <line nr="203" mi="1" ci="0" mb="0" cb="0" />
      <line nr="204" mi="1" ci="0" mb="0" cb="0" />
      <line nr="211" mi="2" ci="2" mb="0" cb="0" />
      <line nr="212" mi="0" ci="2" mb="0" cb="0" />
      <line nr="213" mi="0" ci="1" mb="0" cb="0" />
      <line nr="214" mi="0" ci="1" mb="0" cb="0" />
      <line nr="215" mi="0" ci="1" mb="0" cb="0" />
      <line nr="216" mi="1" ci="0" mb="0" cb="0" />
      <line nr="217" mi="0" ci="1" mb="0" cb="0" />
      <line nr="218" mi="1" ci="0" mb="0" cb="0" />
      <line nr="219" mi="1" ci="0" mb="0" cb="0" />
      <line nr="224" mi="0" ci="1" mb="0" cb="0" />
      <line nr="225" mi="0" ci="3" mb="0" cb="0" />
      <line nr="226" mi="0" ci="3" mb="0" cb="0" />
      <line nr="227" mi="0" ci="3" mb="0" cb="0" />
      <line nr="229" mi="0" ci="1" mb="0" cb="0" />
      <line nr="230" mi="0" ci="1" mb="0" cb="0" />
      <line nr="231" mi="0" ci="1" mb="0" cb="0" />
      <line nr="232" mi="0" ci="1" mb="0" cb="0" />
      <line nr="233" mi="0" ci="6" mb="0" cb="0" />
      <line nr="234" mi="0" ci="1" mb="0" cb="0" />
      <line nr="235" mi="0" ci="1" mb="0" cb="0" />
      <line nr="237" mi="0" ci="1" mb="0" cb="0" />
      <line nr="239" mi="0" ci="1" mb="0" cb="0" />
      <line nr="240" mi="0" ci="1" mb="0" cb="0" />
      <line nr="243" mi="0" ci="2" mb="0" cb="0" />
      <line nr="245" mi="0" ci="1" mb="0" cb="0" />
      <line nr="248" mi="0" ci="1" mb="0" cb="0" />
      <counter type="INSTRUCTION" missed="18" covered="181" />
      <counter type="LINE" missed="8" covered="108" />
      <counter type="METHOD" missed="0" covered="5" />
      <counter type="CLASS" missed="0" covered="1" />
    </sourcefile>
    <sourcefile name="commands/Mention.psm1">
      <line nr="12" mi="0" ci="1" mb="0" cb="0" />
      <line nr="14" mi="0" ci="2" mb="0" cb="0" />
      <line nr="15" mi="0" ci="2" mb="0" cb="0" />
      <line nr="16" mi="0" ci="2" mb="0" cb="0" />
      <line nr="17" mi="0" ci="2" mb="0" cb="0" />
      <line nr="28" mi="0" ci="1" mb="0" cb="0" />
      <line nr="29" mi="0" ci="1" mb="0" cb="0" />
      <line nr="30" mi="0" ci="2" mb="0" cb="0" />
      <line nr="31" mi="0" ci="2" mb="0" cb="0" />
      <line nr="33" mi="0" ci="1" mb="0" cb="0" />
      <line nr="34" mi="3" ci="0" mb="0" cb="0" />
      <line nr="35" mi="1" ci="0" mb="0" cb="0" />
      <line nr="37" mi="0" ci="1" mb="0" cb="0" />
      <line nr="38" mi="0" ci="1" mb="0" cb="0" />
      <line nr="41" mi="1" ci="2" mb="0" cb="0" />
      <line nr="42" mi="0" ci="2" mb="0" cb="0" />
      <line nr="43" mi="0" ci="1" mb="0" cb="0" />
      <line nr="44" mi="0" ci="1" mb="0" cb="0" />
      <line nr="45" mi="0" ci="2" mb="0" cb="0" />
      <line nr="48" mi="1" ci="2" mb="0" cb="0" />
      <line nr="49" mi="0" ci="1" mb="0" cb="0" />
      <line nr="50" mi="1" ci="0" mb="0" cb="0" />
      <line nr="51" mi="2" ci="0" mb="0" cb="0" />
      <line nr="54" mi="1" ci="2" mb="0" cb="0" />
      <line nr="55" mi="1" ci="2" mb="0" cb="0" />
      <line nr="56" mi="0" ci="4" mb="0" cb="0" />
      <line nr="59" mi="0" ci="1" mb="0" cb="0" />
      <line nr="60" mi="1" ci="1" mb="0" cb="0" />
      <line nr="61" mi="0" ci="1" mb="0" cb="0" />
      <line nr="64" mi="0" ci="2" mb="0" cb="0" />
      <line nr="65" mi="0" ci="2" mb="0" cb="0" />
      <line nr="66" mi="1" ci="2" mb="0" cb="0" />
      <line nr="67" mi="1" ci="2" mb="0" cb="0" />
      <line nr="68" mi="0" ci="1" mb="0" cb="0" />
      <line nr="69" mi="0" ci="2" mb="0" cb="0" />
      <line nr="70" mi="0" ci="3" mb="0" cb="0" />
      <line nr="71" mi="0" ci="6" mb="0" cb="0" />
      <line nr="72" mi="0" ci="2" mb="0" cb="0" />
      <line nr="74" mi="0" ci="2" mb="0" cb="0" />
      <line nr="75" mi="2" ci="0" mb="0" cb="0" />
      <line nr="76" mi="0" ci="2" mb="0" cb="0" />
      <line nr="81" mi="0" ci="1" mb="0" cb="0" />
      <line nr="82" mi="1" ci="1" mb="0" cb="0" />
      <line nr="83" mi="0" ci="1" mb="0" cb="0" />
      <line nr="84" mi="1" ci="0" mb="0" cb="0" />
      <line nr="89" mi="0" ci="1" mb="0" cb="0" />
      <line nr="90" mi="0" ci="1" mb="0" cb="0" />
      <line nr="91" mi="1" ci="1" mb="0" cb="0" />
      <line nr="94" mi="0" ci="2" mb="0" cb="0" />
      <line nr="95" mi="0" ci="3" mb="0" cb="0" />
      <line nr="96" mi="0" ci="6" mb="0" cb="0" />
      <line nr="97" mi="0" ci="4" mb="0" cb="0" />
      <line nr="98" mi="0" ci="1" mb="0" cb="0" />
      <line nr="100" mi="0" ci="2" mb="0" cb="0" />
      <line nr="101" mi="2" ci="0" mb="0" cb="0" />
      <line nr="102" mi="0" ci="1" mb="0" cb="0" />
      <line nr="105" mi="0" ci="1" mb="0" cb="0" />
      <counter type="INSTRUCTION" missed="21" covered="92" />
      <counter type="LINE" missed="7" covered="50" />
      <counter type="METHOD" missed="0" covered="2" />
      <counter type="CLASS" missed="0" covered="1" />
    </sourcefile>
    <sourcefile name="commands/Reconcile.psm1">
      <line nr="11" mi="0" ci="1" mb="0" cb="0" />
      <line nr="13" mi="0" ci="2" mb="0" cb="0" />
      <line nr="14" mi="0" ci="2" mb="0" cb="0" />
      <line nr="15" mi="0" ci="2" mb="0" cb="0" />
      <line nr="16" mi="0" ci="2" mb="0" cb="0" />
      <line nr="17" mi="0" ci="2" mb="0" cb="0" />
      <line nr="18" mi="0" ci="2" mb="0" cb="0" />
      <line nr="20" mi="0" ci="1" mb="0" cb="0" />
      <line nr="27" mi="0" ci="3" mb="0" cb="0" />
      <line nr="28" mi="0" ci="2" mb="0" cb="0" />
      <line nr="29" mi="0" ci="1" mb="0" cb="0" />
      <line nr="30" mi="0" ci="1" mb="0" cb="0" />
      <line nr="31" mi="0" ci="2" mb="0" cb="0" />
      <line nr="33" mi="0" ci="1" mb="0" cb="0" />
      <line nr="34" mi="0" ci="2" mb="0" cb="0" />
      <line nr="46" mi="0" ci="1" mb="0" cb="0" />
      <line nr="47" mi="0" ci="1" mb="0" cb="0" />
      <line nr="48" mi="0" ci="2" mb="0" cb="0" />
      <line nr="49" mi="0" ci="2" mb="0" cb="0" />
      <line nr="51" mi="0" ci="1" mb="0" cb="0" />
      <line nr="52" mi="3" ci="0" mb="0" cb="0" />
      <line nr="53" mi="1" ci="0" mb="0" cb="0" />
      <line nr="55" mi="0" ci="1" mb="0" cb="0" />
      <line nr="56" mi="0" ci="1" mb="0" cb="0" />
      <line nr="57" mi="1" ci="2" mb="0" cb="0" />
      <line nr="58" mi="0" ci="1" mb="0" cb="0" />
      <line nr="61" mi="0" ci="1" mb="0" cb="0" />
      <line nr="62" mi="0" ci="1" mb="0" cb="0" />
      <line nr="63" mi="0" ci="1" mb="0" cb="0" />
      <line nr="64" mi="0" ci="1" mb="0" cb="0" />
      <line nr="66" mi="0" ci="2" mb="0" cb="0" />
      <line nr="67" mi="1" ci="0" mb="0" cb="0" />
      <line nr="68" mi="2" ci="0" mb="0" cb="0" />
      <line nr="71" mi="1" ci="2" mb="0" cb="0" />
      <line nr="72" mi="0" ci="1" mb="0" cb="0" />
      <line nr="73" mi="1" ci="0" mb="0" cb="0" />
      <line nr="74" mi="2" ci="0" mb="0" cb="0" />
      <line nr="77" mi="0" ci="3" mb="0" cb="0" />
      <line nr="78" mi="1" ci="2" mb="0" cb="0" />
      <line nr="79" mi="0" ci="3" mb="0" cb="0" />
      <line nr="80" mi="1" ci="2" mb="0" cb="0" />
      <line nr="81" mi="1" ci="2" mb="0" cb="0" />
      <line nr="83" mi="0" ci="1" mb="0" cb="0" />
      <line nr="84" mi="1" ci="1" mb="0" cb="0" />
      <line nr="87" mi="0" ci="1" mb="0" cb="0" />
      <line nr="88" mi="0" ci="4" mb="0" cb="0" />
      <line nr="89" mi="0" ci="5" mb="0" cb="0" />
      <line nr="90" mi="0" ci="1" mb="0" cb="0" />
      <line nr="91" mi="0" ci="1" mb="0" cb="0" />
      <line nr="92" mi="1" ci="0" mb="0" cb="0" />
      <line nr="93" mi="1" ci="0" mb="0" cb="0" />
      <line nr="97" mi="0" ci="1" mb="0" cb="0" />
      <line nr="98" mi="0" ci="1" mb="0" cb="0" />
      <line nr="105" mi="0" ci="1" mb="0" cb="0" />
      <line nr="106" mi="0" ci="1" mb="0" cb="0" />
      <line nr="107" mi="0" ci="1" mb="0" cb="0" />
      <line nr="108" mi="0" ci="1" mb="0" cb="0" />
      <line nr="109" mi="1" ci="0" mb="0" cb="0" />
      <line nr="110" mi="2" ci="0" mb="0" cb="0" />
      <line nr="111" mi="1" ci="0" mb="0" cb="0" />
      <line nr="112" mi="1" ci="0" mb="0" cb="0" />
      <line nr="113" mi="2" ci="0" mb="0" cb="0" />
      <line nr="115" mi="1" ci="0" mb="0" cb="0" />
      <line nr="116" mi="1" ci="0" mb="0" cb="0" />
      <line nr="117" mi="1" ci="0" mb="0" cb="0" />
      <line nr="118" mi="2" ci="0" mb="0" cb="0" />
      <line nr="119" mi="1" ci="0" mb="0" cb="0" />
      <line nr="120" mi="1" ci="0" mb="0" cb="0" />
      <line nr="121" mi="1" ci="0" mb="0" cb="0" />
      <line nr="126" mi="0" ci="1" mb="0" cb="0" />
      <line nr="127" mi="0" ci="4" mb="0" cb="0" />
      <line nr="131" mi="0" ci="5" mb="0" cb="0" />
      <line nr="132" mi="0" ci="4" mb="0" cb="0" />
      <line nr="133" mi="0" ci="3" mb="0" cb="0" />
      <line nr="135" mi="0" ci="1" mb="0" cb="0" />
      <line nr="136" mi="0" ci="1" mb="0" cb="0" />
      <line nr="137" mi="0" ci="1" mb="0" cb="0" />
      <line nr="143" mi="1" ci="2" mb="0" cb="0" />
      <line nr="144" mi="0" ci="4" mb="0" cb="0" />
      <line nr="145" mi="0" ci="2" mb="0" cb="0" />
      <line nr="150" mi="0" ci="1" mb="0" cb="0" />
      <line nr="151" mi="0" ci="1" mb="0" cb="0" />
      <line nr="152" mi="0" ci="1" mb="0" cb="0" />
      <line nr="158" mi="0" ci="1" mb="0" cb="0" />
      <line nr="159" mi="0" ci="1" mb="0" cb="0" />
      <line nr="160" mi="0" ci="1" mb="0" cb="0" />
      <line nr="161" mi="0" ci="2" mb="0" cb="0" />
      <line nr="162" mi="0" ci="1" mb="0" cb="0" />
      <line nr="167" mi="0" ci="1" mb="0" cb="0" />
      <line nr="168" mi="0" ci="1" mb="0" cb="0" />
      <line nr="169" mi="0" ci="1" mb="0" cb="0" />
      <line nr="170" mi="0" ci="1" mb="0" cb="0" />
      <line nr="171" mi="0" ci="6" mb="0" cb="0" />
      <line nr="172" mi="0" ci="1" mb="0" cb="0" />
      <line nr="174" mi="0" ci="1" mb="0" cb="0" />
      <line nr="175" mi="3" ci="0" mb="0" cb="0" />
      <line nr="176" mi="3" ci="0" mb="0" cb="0" />
      <line nr="178" mi="0" ci="1" mb="0" cb="0" />
      <line nr="179" mi="0" ci="1" mb="0" cb="0" />
      <line nr="180" mi="0" ci="1" mb="0" cb="0" />
      <line nr="182" mi="0" ci="1" mb="0" cb="0" />
      <line nr="183" mi="0" ci="1" mb="0" cb="0" />
      <line nr="186" mi="2" ci="0" mb="0" cb="0" />
      <line nr="188" mi="0" ci="1" mb="0" cb="0" />
      <line nr="191" mi="0" ci="1" mb="0" cb="0" />
      <counter type="INSTRUCTION" missed="42" covered="135" />
      <counter type="LINE" missed="23" covered="82" />
      <counter type="METHOD" missed="0" covered="3" />
      <counter type="CLASS" missed="0" covered="1" />
    </sourcefile>
    <counter type="INSTRUCTION" missed="81" covered="408" />
    <counter type="LINE" missed="38" covered="240" />
    <counter type="METHOD" missed="0" covered="10" />
    <counter type="CLASS" missed="0" covered="3" />
  </package>
  <package name="powershell/engine">
    <class name="powershell/engine/Drift" sourcefilename="engine/Drift.psm1">
      <method name="&lt;script&gt;" desc="()" line="13">
        <counter type="INSTRUCTION" missed="0" covered="4" />
        <counter type="LINE" missed="0" covered="3" />
        <counter type="METHOD" missed="0" covered="1" />
      </method>
      <method name="Get-JiraDriftDecision" desc="()" line="27">
        <counter type="INSTRUCTION" missed="0" covered="65" />
        <counter type="LINE" missed="0" covered="53" />
        <counter type="METHOD" missed="0" covered="1" />
      </method>
      <counter type="INSTRUCTION" missed="0" covered="69" />
      <counter type="LINE" missed="0" covered="56" />
      <counter type="METHOD" missed="0" covered="2" />
      <counter type="CLASS" missed="0" covered="1" />
    </class>
    <class name="powershell/engine/Idempotency" sourcefilename="engine/Idempotency.psm1">
      <method name="&lt;script&gt;" desc="()" line="10">
        <counter type="INSTRUCTION" missed="0" covered="6" />
        <counter type="LINE" missed="0" covered="4" />
        <counter type="METHOD" missed="0" covered="1" />
      </method>
      <method name="Test-JiraIdempotentEqual" desc="()" line="19">
        <counter type="INSTRUCTION" missed="0" covered="1" />
        <counter type="LINE" missed="0" covered="1" />
        <counter type="METHOD" missed="0" covered="1" />
      </method>
      <method name="Get-JiraIdempotentFieldStatus" desc="()" line="32">
        <counter type="INSTRUCTION" missed="1" covered="21" />
        <counter type="LINE" missed="0" covered="12" />
        <counter type="METHOD" missed="0" covered="1" />
      </method>
      <method name="Get-JiraIdempotentManagedStatus" desc="()" line="69">
        <counter type="INSTRUCTION" missed="0" covered="11" />
        <counter type="LINE" missed="0" covered="5" />
        <counter type="METHOD" missed="0" covered="1" />
      </method>
      <counter type="INSTRUCTION" missed="1" covered="39" />
      <counter type="LINE" missed="0" covered="22" />
      <counter type="METHOD" missed="0" covered="4" />
      <counter type="CLASS" missed="0" covered="1" />
    </class>
    <class name="powershell/engine/Interchange" sourcefilename="engine/Interchange.psm1">
      <method name="&lt;script&gt;" desc="()" line="9">
        <counter type="INSTRUCTION" missed="0" covered="4" />
        <counter type="LINE" missed="0" covered="3" />
        <counter type="METHOD" missed="0" covered="1" />
      </method>
      <method name="Test-JiraInterchangeProp" desc="()" line="15">
        <counter type="INSTRUCTION" missed="1" covered="3" />
        <counter type="LINE" missed="0" covered="2" />
        <counter type="METHOD" missed="0" covered="1" />
      </method>
      <method name="Get-JiraInterchangeProp" desc="()" line="21">
        <counter type="INSTRUCTION" missed="0" covered="3" />
        <counter type="LINE" missed="0" covered="2" />
        <counter type="METHOD" missed="0" covered="1" />
      </method>
      <method name="Get-JiraArrayCount" desc="()" line="29">
        <counter type="INSTRUCTION" missed="2" covered="6" />
        <counter type="LINE" missed="0" covered="4" />
        <counter type="METHOD" missed="0" covered="1" />
      </method>
      <method name="Test-JiraInterchange" desc="()" line="44">
        <counter type="INSTRUCTION" missed="11" covered="53" />
        <counter type="LINE" missed="2" covered="29" />
        <counter type="METHOD" missed="0" covered="1" />
      </method>
      <method name="Build-JiraNeutralDocument" desc="()" line="105">
        <counter type="INSTRUCTION" missed="6" covered="33" />
        <counter type="LINE" missed="1" covered="20" />
        <counter type="METHOD" missed="0" covered="1" />
      </method>
      <method name="Resolve-JiraRouting" desc="()" line="151">
        <counter type="INSTRUCTION" missed="0" covered="37" />
        <counter type="LINE" missed="0" covered="20" />
        <counter type="METHOD" missed="0" covered="1" />
      </method>
      <counter type="INSTRUCTION" missed="20" covered="139" />
      <counter type="LINE" missed="3" covered="80" />
      <counter type="METHOD" missed="0" covered="7" />
      <counter type="CLASS" missed="0" covered="1" />
    </class>
    <class name="powershell/engine/ManagedSection" sourcefilename="engine/ManagedSection.psm1">
      <method name="&lt;script&gt;" desc="()" line="12">
        <counter type="INSTRUCTION" missed="0" covered="4" />
        <counter type="LINE" missed="0" covered="3" />
        <counter type="METHOD" missed="0" covered="1" />
      </method>
      <method name="Get-JiraManagedSectionLineEnding" desc="()" line="25">
        <counter type="INSTRUCTION" missed="0" covered="8" />
        <counter type="LINE" missed="0" covered="5" />
        <counter type="METHOD" missed="0" covered="1" />
      </method>
      <method name="Get-JiraManagedSectionLineNumber" desc="()" line="36">
        <counter type="INSTRUCTION" missed="0" covered="9" />
        <counter type="LINE" missed="0" covered="6" />
        <counter type="METHOD" missed="0" covered="1" />
      </method>
      <method name="Invoke-JiraManagedSectionSplice" desc="()" line="65">
        <counter type="INSTRUCTION" missed="2" covered="51" />
        <counter type="LINE" missed="0" covered="33" />
        <counter type="METHOD" missed="0" covered="1" />
      </method>
      <method name="Get-JiraNodeStringValue" desc="()" line="121">
        <counter type="INSTRUCTION" missed="1" covered="17" />
        <counter type="LINE" missed="0" covered="9" />
        <counter type="METHOD" missed="0" covered="1" />
      </method>
      <method name="Split-JiraManagedSectionPanel" desc="()" line="149">
        <counter type="INSTRUCTION" missed="0" covered="36" />
        <counter type="LINE" missed="0" covered="14" />
        <counter type="METHOD" missed="0" covered="1" />
      </method>
      <counter type="INSTRUCTION" missed="3" covered="125" />
      <counter type="LINE" missed="0" covered="70" />
      <counter type="METHOD" missed="0" covered="6" />
      <counter type="CLASS" missed="0" covered="1" />
    </class>
    <class name="powershell/engine/Parse" sourcefilename="engine/Parse.psm1">
      <method name="&lt;script&gt;" desc="()" line="12">
        <counter type="INSTRUCTION" missed="0" covered="4" />
        <counter type="LINE" missed="0" covered="3" />
        <counter type="METHOD" missed="0" covered="1" />
      </method>
      <method name="Split-JiraParseLine" desc="()" line="18">
        <counter type="INSTRUCTION" missed="1" covered="3" />
        <counter type="LINE" missed="0" covered="2" />
        <counter type="METHOD" missed="0" covered="1" />
      </method>
      <method name="Remove-JiraParseMarker" desc="()" line="24">
        <counter type="INSTRUCTION" missed="0" covered="4" />
        <counter type="LINE" missed="0" covered="3" />
        <counter type="METHOD" missed="0" covered="1" />
      </method>
      <method name="Get-JiraParsedTitle" desc="()" line="38">
        <counter type="INSTRUCTION" missed="0" covered="32" />
        <counter type="LINE" missed="0" covered="28" />
        <counter type="METHOD" missed="0" covered="1" />
      </method>
      <method name="Get-JiraParsedDescription" desc="()" line="87">
        <counter type="INSTRUCTION" missed="3" covered="42" />
        <counter type="LINE" missed="0" covered="28" />
        <counter type="METHOD" missed="0" covered="1" />
      </method>
      <method name="Get-JiraParsedAcceptance" desc="()" line="136">
        <counter type="INSTRUCTION" missed="6" covered="51" />
        <counter type="LINE" missed="5" covered="40" />
        <counter type="METHOD" missed="0" covered="1" />
      </method>
      <method name="Get-JiraParsedDesign" desc="()" line="209">
        <counter type="INSTRUCTION" missed="5" covered="31" />
        <counter type="LINE" missed="1" covered="24" />
        <counter type="METHOD" missed="0" covered="1" />
      </method>
      <method name="Get-JiraParsedPriority" desc="()" line="256">
        <counter type="INSTRUCTION" missed="0" covered="5" />
        <counter type="LINE" missed="0" covered="3" />
        <counter type="METHOD" missed="0" covered="1" />
      </method>
      <method name="Get-JiraParsedEstimation" desc="()" line="269">
        <counter type="INSTRUCTION" missed="0" covered="4" />
        <counter type="LINE" missed="0" covered="3" />
        <counter type="METHOD" missed="0" covered="1" />
      </method>
      <method name="Get-JiraParsedStory" desc="()" line="282">
        <counter type="INSTRUCTION" missed="2" covered="24" />
        <counter type="LINE" missed="0" covered="16" />
        <counter type="METHOD" missed="0" covered="1" />
      </method>
      <method name="Get-JiraParsedSpec" desc="()" line="311">
        <counter type="INSTRUCTION" missed="1" covered="34" />
        <counter type="LINE" missed="0" covered="24" />
        <counter type="METHOD" missed="0" covered="1" />
      </method>
      <counter type="INSTRUCTION" missed="18" covered="234" />
      <counter type="LINE" missed="6" covered="174" />
      <counter type="METHOD" missed="0" covered="11" />
      <counter type="CLASS" missed="0" covered="1" />
    </class>
    <sourcefile name="engine/Drift.psm1">
      <line nr="13" mi="0" ci="1" mb="0" cb="0" />
      <line nr="15" mi="0" ci="2" mb="0" cb="0" />
      <line nr="27" mi="0" ci="2" mb="0" cb="0" />
      <line nr="29" mi="0" ci="1" mb="0" cb="0" />
      <line nr="30" mi="0" ci="1" mb="0" cb="0" />
      <line nr="31" mi="0" ci="2" mb="0" cb="0" />
      <line nr="32" mi="0" ci="1" mb="0" cb="0" />
      <line nr="33" mi="0" ci="1" mb="0" cb="0" />
      <line nr="34" mi="0" ci="2" mb="0" cb="0" />
      <line nr="35" mi="0" ci="1" mb="0" cb="0" />
      <line nr="36" mi="0" ci="1" mb="0" cb="0" />
      <line nr="37" mi="0" ci="2" mb="0" cb="0" />
      <line nr="38" mi="0" ci="1" mb="0" cb="0" />
      <line nr="39" mi="0" ci="1" mb="0" cb="0" />
      <line nr="40" mi="0" ci="3" mb="0" cb="0" />
      <line nr="41" mi="0" ci="1" mb="0" cb="0" />
      <line nr="42" mi="0" ci="1" mb="0" cb="0" />
      <line nr="43" mi="0" ci="2" mb="0" cb="0" />
      <line nr="47" mi="0" ci="1" mb="0" cb="0" />
      <line nr="48" mi="0" ci="1" mb="0" cb="0" />
      <line nr="49" mi="0" ci="3" mb="0" cb="0" />
      <line nr="50" mi="0" ci="2" mb="0" cb="0" />
      <line nr="51" mi="0" ci="2" mb="0" cb="0" />
      <line nr="54" mi="0" ci="1" mb="0" cb="0" />
      <line nr="55" mi="0" ci="1" mb="0" cb="0" />
      <line nr="56" mi="0" ci="1" mb="0" cb="0" />
      <line nr="57" mi="0" ci="1" mb="0" cb="0" />
      <line nr="59" mi="0" ci="1" mb="0" cb="0" />
      <line nr="60" mi="0" ci="1" mb="0" cb="0" />
      <line nr="61" mi="0" ci="1" mb="0" cb="0" />
      <line nr="62" mi="0" ci="1" mb="0" cb="0" />
      <line nr="63" mi="0" ci="1" mb="0" cb="0" />
      <line nr="64" mi="0" ci="1" mb="0" cb="0" />
      <line nr="66" mi="0" ci="1" mb="0" cb="0" />
      <line nr="67" mi="0" ci="1" mb="0" cb="0" />
      <line nr="68" mi="0" ci="1" mb="0" cb="0" />
      <line nr="70" mi="0" ci="1" mb="0" cb="0" />
      <line nr="71" mi="0" ci="1" mb="0" cb="0" />
      <line nr="72" mi="0" ci="1" mb="0" cb="0" />
      <line nr="73" mi="0" ci="1" mb="0" cb="0" />
      <line nr="74" mi="0" ci="1" mb="0" cb="0" />
      <line nr="77" mi="0" ci="1" mb="0" cb="0" />
      <line nr="78" mi="0" ci="1" mb="0" cb="0" />
      <line nr="84" mi="0" ci="1" mb="0" cb="0" />
      <line nr="85" mi="0" ci="1" mb="0" cb="0" />
      <line nr="86" mi="0" ci="1" mb="0" cb="0" />
      <line nr="87" mi="0" ci="1" mb="0" cb="0" />
      <line nr="90" mi="0" ci="1" mb="0" cb="0" />
      <line nr="91" mi="0" ci="1" mb="0" cb="0" />
      <line nr="96" mi="0" ci="1" mb="0" cb="0" />
      <line nr="97" mi="0" ci="1" mb="0" cb="0" />
      <line nr="98" mi="0" ci="1" mb="0" cb="0" />
      <line nr="99" mi="0" ci="1" mb="0" cb="0" />
      <line nr="100" mi="0" ci="1" mb="0" cb="0" />
      <line nr="102" mi="0" ci="2" mb="0" cb="0" />
      <line nr="105" mi="0" ci="1" mb="0" cb="0" />
      <counter type="INSTRUCTION" missed="0" covered="69" />
      <counter type="LINE" missed="0" covered="56" />
      <counter type="METHOD" missed="0" covered="2" />
      <counter type="CLASS" missed="0" covered="1" />
    </sourcefile>
    <sourcefile name="engine/Idempotency.psm1">
      <line nr="10" mi="0" ci="1" mb="0" cb="0" />
      <line nr="12" mi="0" ci="2" mb="0" cb="0" />
      <line nr="13" mi="0" ci="2" mb="0" cb="0" />
      <line nr="19" mi="0" ci="1" mb="0" cb="0" />
      <line nr="32" mi="0" ci="2" mb="0" cb="0" />
      <line nr="33" mi="0" ci="2" mb="0" cb="0" />
      <line nr="38" mi="0" ci="1" mb="0" cb="0" />
      <line nr="39" mi="0" ci="1" mb="0" cb="0" />
      <line nr="40" mi="0" ci="1" mb="0" cb="0" />
      <line nr="41" mi="1" ci="2" mb="0" cb="0" />
      <line nr="42" mi="0" ci="3" mb="0" cb="0" />
      <line nr="43" mi="0" ci="1" mb="0" cb="0" />
      <line nr="44" mi="0" ci="3" mb="0" cb="0" />
      <line nr="45" mi="0" ci="1" mb="0" cb="0" />
      <line nr="46" mi="0" ci="1" mb="0" cb="0" />
      <line nr="51" mi="0" ci="3" mb="0" cb="0" />
      <line nr="69" mi="0" ci="1" mb="0" cb="0" />
      <line nr="70" mi="0" ci="1" mb="0" cb="0" />
      <line nr="71" mi="0" ci="3" mb="0" cb="0" />
      <line nr="73" mi="0" ci="3" mb="0" cb="0" />
      <line nr="74" mi="0" ci="3" mb="0" cb="0" />
      <line nr="77" mi="0" ci="1" mb="0" cb="0" />
      <counter type="INSTRUCTION" missed="1" covered="39" />
      <counter type="LINE" missed="0" covered="22" />
      <counter type="METHOD" missed="0" covered="4" />
      <counter type="CLASS" missed="0" covered="1" />
    </sourcefile>
    <sourcefile name="engine/Interchange.psm1">
      <line nr="9" mi="0" ci="1" mb="0" cb="0" />
      <line nr="11" mi="0" ci="2" mb="0" cb="0" />
      <line nr="15" mi="1" ci="1" mb="0" cb="0" />
      <line nr="16" mi="0" ci="2" mb="0" cb="0" />
      <line nr="21" mi="0" ci="2" mb="0" cb="0" />
      <line nr="22" mi="0" ci="1" mb="0" cb="0" />
      <line nr="29" mi="1" ci="2" mb="0" cb="0" />
      <line nr="30" mi="0" ci="1" mb="0" cb="0" />
      <line nr="31" mi="1" ci="1" mb="0" cb="0" />
      <line nr="32" mi="0" ci="2" mb="0" cb="0" />
      <line nr="44" mi="0" ci="2" mb="0" cb="0" />
      <line nr="45" mi="0" ci="2" mb="0" cb="0" />
      <line nr="47" mi="0" ci="1" mb="0" cb="0" />
      <line nr="49" mi="0" ci="2" mb="0" cb="0" />
      <line nr="50" mi="0" ci="1" mb="0" cb="0" />
      <line nr="53" mi="0" ci="1" mb="0" cb="0" />
      <line nr="54" mi="0" ci="1" mb="0" cb="0" />
      <line nr="55" mi="1" ci="0" mb="0" cb="0" />
      <line nr="58" mi="1" ci="2" mb="0" cb="0" />
      <line nr="59" mi="1" ci="2" mb="0" cb="0" />
      <line nr="60" mi="0" ci="2" mb="0" cb="0" />
      <line nr="61" mi="0" ci="2" mb="0" cb="0" />
      <line nr="64" mi="0" ci="1" mb="0" cb="0" />
      <line nr="65" mi="0" ci="2" mb="0" cb="0" />
      <line nr="66" mi="0" ci="2" mb="0" cb="0" />
      <line nr="68" mi="0" ci="1" mb="0" cb="0" />
      <line nr="69" mi="0" ci="1" mb="0" cb="0" />
      <line nr="70" mi="1" ci="0" mb="0" cb="0" />
      <line nr="73" mi="1" ci="2" mb="0" cb="0" />
      <line nr="74" mi="1" ci="3" mb="0" cb="0" />
      <line nr="75" mi="1" ci="3" mb="0" cb="0" />
      <line nr="78" mi="0" ci="2" mb="0" cb="0" />
      <line nr="79" mi="0" ci="1" mb="0" cb="0" />
      <line nr="82" mi="0" ci="2" mb="0" cb="0" />
      <line nr="83" mi="1" ci="2" mb="0" cb="0" />
      <line nr="84" mi="1" ci="2" mb="0" cb="0" />
      <line nr="85" mi="1" ci="3" mb="0" cb="0" />
      <line nr="86" mi="1" ci="3" mb="0" cb="0" />
      <line nr="90" mi="0" ci="2" mb="0" cb="0" />
      <line nr="91" mi="0" ci="2" mb="0" cb="0" />
      <line nr="92" mi="0" ci="1" mb="0" cb="0" />
      <line nr="105" mi="0" ci="2" mb="0" cb="0" />
      <line nr="106" mi="0" ci="2" mb="0" cb="0" />
      <line nr="108" mi="0" ci="2" mb="0" cb="0" />
      <line nr="109" mi="0" ci="2" mb="0" cb="0" />
      <line nr="110" mi="0" ci="1" mb="0" cb="0" />
      <line nr="111" mi="0" ci="1" mb="0" cb="0" />
      <line nr="112" mi="0" ci="2" mb="0" cb="0" />
      <line nr="113" mi="0" ci="1" mb="0" cb="0" />
      <line nr="114" mi="2" ci="1" mb="0" cb="0" />
      <line nr="115" mi="0" ci="1" mb="0" cb="0" />
      <line nr="116" mi="1" ci="1" mb="0" cb="0" />
      <line nr="118" mi="0" ci="1" mb="0" cb="0" />
      <line nr="119" mi="0" ci="1" mb="0" cb="0" />
      <line nr="120" mi="0" ci="1" mb="0" cb="0" />
      <line nr="121" mi="0" ci="2" mb="0" cb="0" />
      <line nr="122" mi="0" ci="4" mb="0" cb="0" />
      <line nr="123" mi="0" ci="2" mb="0" cb="0" />
      <line nr="125" mi="0" ci="1" mb="0" cb="0" />
      <line nr="127" mi="0" ci="2" mb="0" cb="0" />
      <line nr="128" mi="3" ci="0" mb="0" cb="0" />
      <line nr="130" mi="0" ci="3" mb="0" cb="0" />
      <line nr="151" mi="0" ci="2" mb="0" cb="0" />
      <line nr="152" mi="0" ci="3" mb="0" cb="0" />
      <line nr="154" mi="0" ci="1" mb="0" cb="0" />
      <line nr="155" mi="0" ci="4" mb="0" cb="0" />
      <line nr="157" mi="0" ci="1" mb="0" cb="0" />
      <line nr="158" mi="0" ci="1" mb="0" cb="0" />
      <line nr="159" mi="0" ci="1" mb="0" cb="0" />
      <line nr="160" mi="0" ci="1" mb="0" cb="0" />
      <line nr="161" mi="0" ci="1" mb="0" cb="0" />
      <line nr="162" mi="0" ci="1" mb="0" cb="0" />
      <line nr="164" mi="0" ci="1" mb="0" cb="0" />
      <line nr="165" mi="0" ci="2" mb="0" cb="0" />
      <line nr="166" mi="0" ci="3" mb="0" cb="0" />
      <line nr="167" mi="0" ci="1" mb="0" cb="0" />
      <line nr="168" mi="0" ci="4" mb="0" cb="0" />
      <line nr="172" mi="0" ci="2" mb="0" cb="0" />
      <line nr="173" mi="0" ci="1" mb="0" cb="0" />
      <line nr="174" mi="0" ci="3" mb="0" cb="0" />
      <line nr="177" mi="0" ci="1" mb="0" cb="0" />
      <line nr="178" mi="0" ci="3" mb="0" cb="0" />
      <line nr="181" mi="0" ci="1" mb="0" cb="0" />
      <counter type="INSTRUCTION" missed="20" covered="139" />
      <counter type="LINE" missed="3" covered="80" />
      <counter type="METHOD" missed="0" covered="7" />
      <counter type="CLASS" missed="0" covered="1" />
    </sourcefile>
    <sourcefile name="engine/ManagedSection.psm1">
      <line nr="12" mi="0" ci="1" mb="0" cb="0" />
      <line nr="14" mi="0" ci="2" mb="0" cb="0" />
      <line nr="25" mi="0" ci="2" mb="0" cb="0" />
      <line nr="26" mi="0" ci="2" mb="0" cb="0" />
      <line nr="27" mi="0" ci="1" mb="0" cb="0" />
      <line nr="28" mi="0" ci="2" mb="0" cb="0" />
      <line nr="29" mi="0" ci="1" mb="0" cb="0" />
      <line nr="36" mi="0" ci="1" mb="0" cb="0" />
      <line nr="37" mi="0" ci="1" mb="0" cb="0" />
      <line nr="38" mi="0" ci="2" mb="0" cb="0" />
      <line nr="39" mi="0" ci="2" mb="0" cb="0" />
      <line nr="40" mi="0" ci="1" mb="0" cb="0" />
      <line nr="42" mi="0" ci="2" mb="0" cb="0" />
      <line nr="65" mi="0" ci="1" mb="0" cb="0" />
      <line nr="66" mi="0" ci="3" mb="0" cb="0" />
      <line nr="67" mi="0" ci="1" mb="0" cb="0" />
      <line nr="69" mi="0" ci="2" mb="0" cb="0" />
      <line nr="70" mi="0" ci="2" mb="0" cb="0" />
      <line nr="73" mi="0" ci="1" mb="0" cb="0" />
      <line nr="74" mi="0" ci="1" mb="0" cb="0" />
      <line nr="75" mi="0" ci="4" mb="0" cb="0" />
      <line nr="77" mi="0" ci="1" mb="0" cb="0" />
      <line nr="78" mi="1" ci="1" mb="0" cb="0" />
      <line nr="79" mi="0" ci="1" mb="0" cb="0" />
      <line nr="80" mi="0" ci="4" mb="0" cb="0" />
      <line nr="84" mi="0" ci="1" mb="0" cb="0" />
      <line nr="85" mi="0" ci="1" mb="0" cb="0" />
      <line nr="86" mi="0" ci="1" mb="0" cb="0" />
      <line nr="87" mi="0" ci="1" mb="0" cb="0" />
      <line nr="88" mi="0" ci="1" mb="0" cb="0" />
      <line nr="89" mi="0" ci="1" mb="0" cb="0" />
      <line nr="90" mi="0" ci="1" mb="0" cb="0" />
      <line nr="92" mi="0" ci="1" mb="0" cb="0" />
      <line nr="93" mi="0" ci="1" mb="0" cb="0" />
      <line nr="95" mi="0" ci="1" mb="0" cb="0" />
      <line nr="96" mi="0" ci="1" mb="0" cb="0" />
      <line nr="99" mi="0" ci="1" mb="0" cb="0" />
      <line nr="101" mi="0" ci="3" mb="0" cb="0" />
      <line nr="105" mi="0" ci="1" mb="0" cb="0" />
      <line nr="106" mi="0" ci="1" mb="0" cb="0" />
      <line nr="107" mi="0" ci="3" mb="0" cb="0" />
      <line nr="109" mi="0" ci="1" mb="0" cb="0" />
      <line nr="110" mi="0" ci="1" mb="0" cb="0" />
      <line nr="111" mi="0" ci="1" mb="0" cb="0" />
      <line nr="112" mi="1" ci="2" mb="0" cb="0" />
      <line nr="114" mi="0" ci="4" mb="0" cb="0" />
      <line nr="121" mi="0" ci="1" mb="0" cb="0" />
      <line nr="122" mi="1" ci="1" mb="0" cb="0" />
      <line nr="123" mi="0" ci="3" mb="0" cb="0" />
      <line nr="124" mi="0" ci="1" mb="0" cb="0" />
      <line nr="125" mi="0" ci="4" mb="0" cb="0" />
      <line nr="126" mi="0" ci="1" mb="0" cb="0" />
      <line nr="128" mi="0" ci="1" mb="0" cb="0" />
      <line nr="129" mi="0" ci="4" mb="0" cb="0" />
      <line nr="131" mi="0" ci="1" mb="0" cb="0" />
      <line nr="149" mi="0" ci="1" mb="0" cb="0" />
      <line nr="150" mi="0" ci="4" mb="0" cb="0" />
      <line nr="152" mi="0" ci="1" mb="0" cb="0" />
      <line nr="153" mi="0" ci="3" mb="0" cb="0" />
      <line nr="154" mi="0" ci="1" mb="0" cb="0" />
      <line nr="155" mi="0" ci="3" mb="0" cb="0" />
      <line nr="158" mi="0" ci="1" mb="0" cb="0" />
      <line nr="159" mi="0" ci="1" mb="0" cb="0" />
      <line nr="160" mi="0" ci="1" mb="0" cb="0" />
      <line nr="161" mi="0" ci="2" mb="0" cb="0" />
      <line nr="162" mi="0" ci="6" mb="0" cb="0" />
      <line nr="164" mi="0" ci="3" mb="0" cb="0" />
      <line nr="165" mi="0" ci="3" mb="0" cb="0" />
      <line nr="167" mi="0" ci="6" mb="0" cb="0" />
      <line nr="170" mi="0" ci="1" mb="0" cb="0" />
      <counter type="INSTRUCTION" missed="3" covered="125" />
      <counter type="LINE" missed="0" covered="70" />
      <counter type="METHOD" missed="0" covered="6" />
      <counter type="CLASS" missed="0" covered="1" />
    </sourcefile>
    <sourcefile name="engine/Parse.psm1">
      <line nr="12" mi="0" ci="1" mb="0" cb="0" />
      <line nr="14" mi="0" ci="2" mb="0" cb="0" />
      <line nr="18" mi="1" ci="1" mb="0" cb="0" />
      <line nr="19" mi="0" ci="2" mb="0" cb="0" />
      <line nr="24" mi="0" ci="1" mb="0" cb="0" />
      <line nr="25" mi="0" ci="2" mb="0" cb="0" />
      <line nr="26" mi="0" ci="1" mb="0" cb="0" />
      <line nr="38" mi="0" ci="1" mb="0" cb="0" />
      <line nr="40" mi="0" ci="1" mb="0" cb="0" />
      <line nr="41" mi="0" ci="1" mb="0" cb="0" />
      <line nr="42" mi="0" ci="2" mb="0" cb="0" />
      <line nr="45" mi="0" ci="1" mb="0" cb="0" />
      <line nr="46" mi="0" ci="1" mb="0" cb="0" />
      <line nr="47" mi="0" ci="1" mb="0" cb="0" />
      <line nr="48" mi="0" ci="1" mb="0" cb="0" />
      <line nr="49" mi="0" ci="1" mb="0" cb="0" />
      <line nr="50" mi="0" ci="2" mb="0" cb="0" />
      <line nr="51" mi="0" ci="1" mb="0" cb="0" />
      <line nr="55" mi="0" ci="1" mb="0" cb="0" />
      <line nr="56" mi="0" ci="1" mb="0" cb="0" />
      <line nr="57" mi="0" ci="1" mb="0" cb="0" />
      <line nr="58" mi="0" ci="1" mb="0" cb="0" />
      <line nr="59" mi="0" ci="1" mb="0" cb="0" />
      <line nr="60" mi="0" ci="2" mb="0" cb="0" />
      <line nr="61" mi="0" ci="1" mb="0" cb="0" />
      <line nr="65" mi="0" ci="1" mb="0" cb="0" />
      <line nr="66" mi="0" ci="1" mb="0" cb="0" />
      <line nr="67" mi="0" ci="1" mb="0" cb="0" />
      <line nr="68" mi="0" ci="1" mb="0" cb="0" />
      <line nr="69" mi="0" ci="1" mb="0" cb="0" />
      <line nr="70" mi="0" ci="2" mb="0" cb="0" />
      <line nr="73" mi="0" ci="1" mb="0" cb="0" />
      <line nr="74" mi="0" ci="1" mb="0" cb="0" />
      <line nr="75" mi="0" ci="1" mb="0" cb="0" />
      <line nr="76" mi="0" ci="1" mb="0" cb="0" />
      <line nr="87" mi="0" ci="1" mb="0" cb="0" />
      <line nr="89" mi="0" ci="1" mb="0" cb="0" />
      <line nr="90" mi="0" ci="1" mb="0" cb="0" />
      <line nr="91" mi="0" ci="1" mb="0" cb="0" />
      <line nr="92" mi="0" ci="1" mb="0" cb="0" />
      <line nr="93" mi="0" ci="1" mb="0" cb="0" />
      <line nr="94" mi="0" ci="1" mb="0" cb="0" />
      <line nr="95" mi="0" ci="3" mb="0" cb="0" />
      <line nr="98" mi="0" ci="1" mb="0" cb="0" />
      <line nr="99" mi="0" ci="1" mb="0" cb="0" />
      <line nr="100" mi="0" ci="1" mb="0" cb="0" />
      <line nr="101" mi="0" ci="2" mb="0" cb="0" />
      <line nr="102" mi="0" ci="2" mb="0" cb="0" />
      <line nr="104" mi="0" ci="1" mb="0" cb="0" />
      <line nr="105" mi="2" ci="1" mb="0" cb="0" />
      <line nr="108" mi="0" ci="1" mb="0" cb="0" />
      <line nr="109" mi="0" ci="2" mb="0" cb="0" />
      <line nr="110" mi="0" ci="3" mb="0" cb="0" />
      <line nr="112" mi="0" ci="2" mb="0" cb="0" />
      <line nr="114" mi="0" ci="1" mb="0" cb="0" />
      <line nr="115" mi="1" ci="2" mb="0" cb="0" />
      <line nr="118" mi="0" ci="1" mb="0" cb="0" />
      <line nr="119" mi="0" ci="1" mb="0" cb="0" />
      <line nr="120" mi="0" ci="1" mb="0" cb="0" />
      <line nr="121" mi="0" ci="1" mb="0" cb="0" />
      <line nr="122" mi="0" ci="3" mb="0" cb="0" />
      <line nr="123" mi="0" ci="1" mb="0" cb="0" />
      <line nr="125" mi="0" ci="4" mb="0" cb="0" />
      <line nr="136" mi="0" ci="1" mb="0" cb="0" />
      <line nr="138" mi="0" ci="1" mb="0" cb="0" />
      <line nr="139" mi="0" ci="1" mb="0" cb="0" />
      <line nr="140" mi="0" ci="1" mb="0" cb="0" />
      <line nr="141" mi="0" ci="1" mb="0" cb="0" />
      <line nr="143" mi="0" ci="1" mb="0" cb="0" />
      <line nr="144" mi="0" ci="1" mb="0" cb="0" />
      <line nr="145" mi="0" ci="1" mb="0" cb="0" />
      <line nr="146" mi="0" ci="1" mb="0" cb="0" />
      <line nr="147" mi="0" ci="1" mb="0" cb="0" />
      <line nr="148" mi="0" ci="1" mb="0" cb="0" />
      <line nr="151" mi="0" ci="4" mb="0" cb="0" />
      <line nr="153" mi="0" ci="1" mb="0" cb="0" />
      <line nr="155" mi="0" ci="1" mb="0" cb="0" />
      <line nr="156" mi="0" ci="1" mb="0" cb="0" />
      <line nr="157" mi="0" ci="1" mb="0" cb="0" />
      <line nr="158" mi="0" ci="2" mb="0" cb="0" />
      <line nr="159" mi="0" ci="1" mb="0" cb="0" />
      <line nr="161" mi="0" ci="4" mb="0" cb="0" />
      <line nr="162" mi="0" ci="1" mb="0" cb="0" />
      <line nr="163" mi="0" ci="1" mb="0" cb="0" />
      <line nr="164" mi="0" ci="1" mb="0" cb="0" />
      <line nr="165" mi="0" ci="1" mb="0" cb="0" />
      <line nr="166" mi="0" ci="1" mb="0" cb="0" />
      <line nr="167" mi="0" ci="1" mb="0" cb="0" />
      <line nr="169" mi="0" ci="1" mb="0" cb="0" />
      <line nr="173" mi="0" ci="1" mb="0" cb="0" />
      <line nr="174" mi="0" ci="1" mb="0" cb="0" />
      <line nr="175" mi="0" ci="1" mb="0" cb="0" />
      <line nr="176" mi="0" ci="1" mb="0" cb="0" />
      <line nr="177" mi="0" ci="1" mb="0" cb="0" />
      <line nr="178" mi="1" ci="1" mb="0" cb="0" />
      <line nr="179" mi="0" ci="2" mb="0" cb="0" />
      <line nr="181" mi="0" ci="1" mb="0" cb="0" />
      <line nr="182" mi="0" ci="2" mb="0" cb="0" />
      <line nr="184" mi="0" ci="1" mb="0" cb="0" />
      <line nr="185" mi="0" ci="2" mb="0" cb="0" />
      <line nr="187" mi="0" ci="1" mb="0" cb="0" />
      <line nr="188" mi="1" ci="0" mb="0" cb="0" />
      <line nr="189" mi="1" ci="0" mb="0" cb="0" />
      <line nr="190" mi="1" ci="0" mb="0" cb="0" />
      <line nr="191" mi="1" ci="0" mb="0" cb="0" />
      <line nr="192" mi="1" ci="0" mb="0" cb="0" />
      <line nr="196" mi="0" ci="1" mb="0" cb="0" />
      <line nr="198" mi="0" ci="2" mb="0" cb="0" />
      <line nr="209" mi="0" ci="1" mb="0" cb="0" />
      <line nr="211" mi="0" ci="1" mb="0" cb="0" />
      <line nr="213" mi="0" ci="1" mb="0" cb="0" />
      <line nr="214" mi="0" ci="1" mb="0" cb="0" />
      <line nr="215" mi="0" ci="1" mb="0" cb="0" />
      <line nr="216" mi="4" ci="0" mb="0" cb="0" />
      <line nr="219" mi="0" ci="1" mb="0" cb="0" />
      <line nr="220" mi="0" ci="1" mb="0" cb="0" />
      <line nr="221" mi="0" ci="3" mb="0" cb="0" />
      <line nr="226" mi="0" ci="1" mb="0" cb="0" />
      <line nr="227" mi="0" ci="1" mb="0" cb="0" />
      <line nr="228" mi="0" ci="1" mb="0" cb="0" />
      <line nr="229" mi="0" ci="1" mb="0" cb="0" />
      <line nr="230" mi="0" ci="1" mb="0" cb="0" />
      <line nr="231" mi="0" ci="1" mb="0" cb="0" />
      <line nr="232" mi="0" ci="1" mb="0" cb="0" />
      <line nr="233" mi="0" ci="2" mb="0" cb="0" />
      <line nr="234" mi="1" ci="1" mb="0" cb="0" />
      <line nr="237" mi="0" ci="1" mb="0" cb="0" />
      <line nr="238" mi="0" ci="1" mb="0" cb="0" />
      <line nr="239" mi="0" ci="1" mb="0" cb="0" />
      <line nr="240" mi="0" ci="2" mb="0" cb="0" />
      <line nr="241" mi="0" ci="1" mb="0" cb="0" />
      <line nr="242" mi="0" ci="3" mb="0" cb="0" />
      <line nr="246" mi="0" ci="2" mb="0" cb="0" />
      <line nr="256" mi="0" ci="1" mb="0" cb="0" />
      <line nr="257" mi="0" ci="3" mb="0" cb="0" />
      <line nr="258" mi="0" ci="1" mb="0" cb="0" />
      <line nr="269" mi="0" ci="1" mb="0" cb="0" />
      <line nr="270" mi="0" ci="2" mb="0" cb="0" />
      <line nr="271" mi="0" ci="1" mb="0" cb="0" />
      <line nr="282" mi="0" ci="1" mb="0" cb="0" />
      <line nr="283" mi="0" ci="2" mb="0" cb="0" />
      <line nr="284" mi="0" ci="3" mb="0" cb="0" />
      <line nr="285" mi="0" ci="3" mb="0" cb="0" />
      <line nr="286" mi="0" ci="1" mb="0" cb="0" />
      <line nr="287" mi="0" ci="1" mb="0" cb="0" />
      <line nr="289" mi="0" ci="1" mb="0" cb="0" />
      <line nr="290" mi="0" ci="1" mb="0" cb="0" />
      <line nr="291" mi="0" ci="1" mb="0" cb="0" />
      <line nr="292" mi="0" ci="1" mb="0" cb="0" />
      <line nr="293" mi="0" ci="1" mb="0" cb="0" />
      <line nr="295" mi="0" ci="2" mb="0" cb="0" />
      <line nr="296" mi="1" ci="1" mb="0" cb="0" />
      <line nr="297" mi="0" ci="1" mb="0" cb="0" />
      <line nr="298" mi="1" ci="2" mb="0" cb="0" />
      <line nr="300" mi="0" ci="2" mb="0" cb="0" />
      <line nr="311" mi="0" ci="1" mb="0" cb="0" />
      <line nr="313" mi="0" ci="1" mb="0" cb="0" />
      <line nr="314" mi="0" ci="2" mb="0" cb="0" />
      <line nr="316" mi="0" ci="1" mb="0" cb="0" />
      <line nr="317" mi="0" ci="1" mb="0" cb="0" />
      <line nr="318" mi="0" ci="1" mb="0" cb="0" />
      <line nr="319" mi="0" ci="1" mb="0" cb="0" />
      <line nr="320" mi="0" ci="1" mb="0" cb="0" />
      <line nr="321" mi="1" ci="1" mb="0" cb="0" />
      <line nr="322" mi="0" ci="2" mb="0" cb="0" />
      <line nr="324" mi="0" ci="1" mb="0" cb="0" />
      <line nr="325" mi="0" ci="1" mb="0" cb="0" />
      <line nr="328" mi="0" ci="2" mb="0" cb="0" />
      <line nr="330" mi="0" ci="1" mb="0" cb="0" />
      <line nr="331" mi="0" ci="1" mb="0" cb="0" />
      <line nr="332" mi="0" ci="3" mb="0" cb="0" />
      <line nr="335" mi="0" ci="1" mb="0" cb="0" />
      <line nr="336" mi="0" ci="1" mb="0" cb="0" />
      <line nr="337" mi="0" ci="1" mb="0" cb="0" />
      <line nr="338" mi="0" ci="3" mb="0" cb="0" />
      <line nr="342" mi="0" ci="1" mb="0" cb="0" />
      <line nr="343" mi="0" ci="3" mb="0" cb="0" />
      <line nr="344" mi="0" ci="1" mb="0" cb="0" />
      <line nr="346" mi="0" ci="2" mb="0" cb="0" />
      <line nr="349" mi="0" ci="1" mb="0" cb="0" />
      <counter type="INSTRUCTION" missed="18" covered="234" />
      <counter type="LINE" missed="6" covered="174" />
      <counter type="METHOD" missed="0" covered="11" />
      <counter type="CLASS" missed="0" covered="1" />
    </sourcefile>
    <counter type="INSTRUCTION" missed="42" covered="606" />
    <counter type="LINE" missed="9" covered="402" />
    <counter type="METHOD" missed="0" covered="30" />
    <counter type="CLASS" missed="0" covered="5" />
  </package>
  <package name="powershell/hooks">
    <class name="powershell/hooks/ReadmeBlock" sourcefilename="hooks/ReadmeBlock.psm1">
      <method name="&lt;script&gt;" desc="()" line="10">
        <counter type="INSTRUCTION" missed="0" covered="9" />
        <counter type="LINE" missed="0" covered="7" />
        <counter type="METHOD" missed="0" covered="1" />
      </method>
      <method name="Get-JiraReadmeTemplatePath" desc="()" line="20">
        <counter type="INSTRUCTION" missed="0" covered="4" />
        <counter type="LINE" missed="0" covered="2" />
        <counter type="METHOD" missed="0" covered="1" />
      </method>
      <method name="Get-JiraReadmeBlock" desc="()" line="33">
        <counter type="INSTRUCTION" missed="2" covered="8" />
        <counter type="LINE" missed="2" covered="7" />
        <counter type="METHOD" missed="0" covered="1" />
      </method>
      <method name="Set-JiraReadmeBlock" desc="()" line="59">
        <counter type="INSTRUCTION" missed="3" covered="25" />
        <counter type="LINE" missed="0" covered="16" />
        <counter type="METHOD" missed="0" covered="1" />
      </method>
      <counter type="INSTRUCTION" missed="5" covered="46" />
      <counter type="LINE" missed="2" covered="32" />
      <counter type="METHOD" missed="0" covered="4" />
      <counter type="CLASS" missed="0" covered="1" />
    </class>
    <class name="powershell/hooks/RegisterHooks" sourcefilename="hooks/RegisterHooks.psm1">
      <method name="&lt;script&gt;" desc="()" line="12">
        <counter type="INSTRUCTION" missed="0" covered="10" />
        <counter type="LINE" missed="0" covered="7" />
        <counter type="METHOD" missed="0" covered="1" />
      </method>
      <method name="Get-JiraHookEntry" desc="()" line="24">
        <counter type="INSTRUCTION" missed="0" covered="5" />
        <counter type="LINE" missed="0" covered="5" />
        <counter type="METHOD" missed="0" covered="1" />
      </method>
      <method name="Get-JiraHookMerged" desc="()" line="41">
        <counter type="INSTRUCTION" missed="0" covered="29" />
        <counter type="LINE" missed="0" covered="18" />
        <counter type="METHOD" missed="0" covered="1" />
      </method>
      <method name="Get-JiraHookProp" desc="()" line="74">
        <counter type="INSTRUCTION" missed="0" covered="7" />
        <counter type="LINE" missed="0" covered="5" />
        <counter type="METHOD" missed="0" covered="1" />
      </method>
      <method name="Get-JiraHookHealth" desc="()" line="94">
        <counter type="INSTRUCTION" missed="6" covered="30" />
        <counter type="LINE" missed="1" covered="16" />
        <counter type="METHOD" missed="0" covered="1" />
      </method>
      <method name="Set-JiraHookRegistration" desc="()" line="132">
        <counter type="INSTRUCTION" missed="3" covered="27" />
        <counter type="LINE" missed="1" covered="18" />
        <counter type="METHOD" missed="0" covered="1" />
      </method>
      <counter type="INSTRUCTION" missed="9" covered="108" />
      <counter type="LINE" missed="2" covered="69" />
      <counter type="METHOD" missed="0" covered="6" />
      <counter type="CLASS" missed="0" covered="1" />
    </class>
    <sourcefile name="hooks/ReadmeBlock.psm1">
      <line nr="10" mi="0" ci="1" mb="0" cb="0" />
      <line nr="12" mi="0" ci="2" mb="0" cb="0" />
      <line nr="13" mi="0" ci="2" mb="0" cb="0" />
      <line nr="15" mi="0" ci="1" mb="0" cb="0" />
      <line nr="16" mi="0" ci="1" mb="0" cb="0" />
      <line nr="17" mi="0" ci="1" mb="0" cb="0" />
      <line nr="20" mi="0" ci="2" mb="0" cb="0" />
      <line nr="21" mi="0" ci="2" mb="0" cb="0" />
      <line nr="33" mi="0" ci="1" mb="0" cb="0" />
      <line nr="34" mi="0" ci="1" mb="0" cb="0" />
      <line nr="35" mi="0" ci="2" mb="0" cb="0" />
      <line nr="36" mi="1" ci="0" mb="0" cb="0" />
      <line nr="37" mi="1" ci="0" mb="0" cb="0" />
      <line nr="39" mi="0" ci="1" mb="0" cb="0" />
      <line nr="40" mi="0" ci="1" mb="0" cb="0" />
      <line nr="41" mi="0" ci="1" mb="0" cb="0" />
      <line nr="42" mi="0" ci="1" mb="0" cb="0" />
      <line nr="59" mi="0" ci="1" mb="0" cb="0" />
      <line nr="60" mi="3" ci="1" mb="0" cb="0" />
      <line nr="62" mi="0" ci="1" mb="0" cb="0" />
      <line nr="63" mi="0" ci="3" mb="0" cb="0" />
      <line nr="65" mi="0" ci="1" mb="0" cb="0" />
      <line nr="67" mi="0" ci="1" mb="0" cb="0" />
      <line nr="68" mi="0" ci="3" mb="0" cb="0" />
      <line nr="70" mi="0" ci="1" mb="0" cb="0" />
      <line nr="72" mi="0" ci="1" mb="0" cb="0" />
      <line nr="73" mi="0" ci="1" mb="0" cb="0" />
      <line nr="75" mi="0" ci="2" mb="0" cb="0" />
      <line nr="76" mi="0" ci="1" mb="0" cb="0" />
      <line nr="78" mi="0" ci="1" mb="0" cb="0" />
      <line nr="79" mi="0" ci="1" mb="0" cb="0" />
      <line nr="80" mi="0" ci="3" mb="0" cb="0" />
      <line nr="83" mi="0" ci="3" mb="0" cb="0" />
      <line nr="86" mi="0" ci="1" mb="0" cb="0" />
      <counter type="INSTRUCTION" missed="5" covered="46" />
      <counter type="LINE" missed="2" covered="32" />
      <counter type="METHOD" missed="0" covered="4" />
      <counter type="CLASS" missed="0" covered="1" />
    </sourcefile>
    <sourcefile name="hooks/RegisterHooks.psm1">
      <line nr="12" mi="0" ci="1" mb="0" cb="0" />
      <line nr="14" mi="0" ci="2" mb="0" cb="0" />
      <line nr="15" mi="0" ci="2" mb="0" cb="0" />
      <line nr="17" mi="0" ci="1" mb="0" cb="0" />
      <line nr="18" mi="0" ci="2" mb="0" cb="0" />
      <line nr="19" mi="0" ci="1" mb="0" cb="0" />
      <line nr="24" mi="0" ci="1" mb="0" cb="0" />
      <line nr="25" mi="0" ci="1" mb="0" cb="0" />
      <line nr="26" mi="0" ci="1" mb="0" cb="0" />
      <line nr="27" mi="0" ci="1" mb="0" cb="0" />
      <line nr="28" mi="0" ci="1" mb="0" cb="0" />
      <line nr="41" mi="0" ci="2" mb="0" cb="0" />
      <line nr="44" mi="0" ci="1" mb="0" cb="0" />
      <line nr="45" mi="0" ci="1" mb="0" cb="0" />
      <line nr="46" mi="0" ci="2" mb="0" cb="0" />
      <line nr="49" mi="0" ci="1" mb="0" cb="0" />
      <line nr="50" mi="0" ci="2" mb="0" cb="0" />
      <line nr="51" mi="0" ci="2" mb="0" cb="0" />
      <line nr="54" mi="0" ci="1" mb="0" cb="0" />
      <line nr="55" mi="0" ci="1" mb="0" cb="0" />
      <line nr="56" mi="0" ci="1" mb="0" cb="0" />
      <line nr="57" mi="0" ci="3" mb="0" cb="0" />
      <line nr="59" mi="0" ci="1" mb="0" cb="0" />
      <line nr="60" mi="0" ci="1" mb="0" cb="0" />
      <line nr="61" mi="0" ci="3" mb="0" cb="0" />
      <line nr="63" mi="0" ci="3" mb="0" cb="0" />
      <line nr="64" mi="0" ci="1" mb="0" cb="0" />
      <line nr="66" mi="0" ci="1" mb="0" cb="0" />
      <line nr="68" mi="0" ci="2" mb="0" cb="0" />
      <line nr="74" mi="0" ci="2" mb="0" cb="0" />
      <line nr="75" mi="0" ci="1" mb="0" cb="0" />
      <line nr="76" mi="0" ci="1" mb="0" cb="0" />
      <line nr="77" mi="0" ci="2" mb="0" cb="0" />
      <line nr="79" mi="0" ci="1" mb="0" cb="0" />
      <line nr="94" mi="0" ci="1" mb="0" cb="0" />
      <line nr="95" mi="0" ci="1" mb="0" cb="0" />
      <line nr="96" mi="0" ci="1" mb="0" cb="0" />
      <line nr="98" mi="6" ci="0" mb="0" cb="0" />
      <line nr="101" mi="0" ci="2" mb="0" cb="0" />
      <line nr="102" mi="0" ci="1" mb="0" cb="0" />
      <line nr="104" mi="0" ci="1" mb="0" cb="0" />
      <line nr="105" mi="0" ci="1" mb="0" cb="0" />
      <line nr="106" mi="0" ci="2" mb="0" cb="0" />
      <line nr="107" mi="0" ci="1" mb="0" cb="0" />
      <line nr="108" mi="0" ci="1" mb="0" cb="0" />
      <line nr="109" mi="0" ci="3" mb="0" cb="0" />
      <line nr="111" mi="0" ci="2" mb="0" cb="0" />
      <line nr="114" mi="0" ci="3" mb="0" cb="0" />
      <line nr="115" mi="0" ci="2" mb="0" cb="0" />
      <line nr="116" mi="0" ci="2" mb="0" cb="0" />
      <line nr="118" mi="0" ci="6" mb="0" cb="0" />
      <line nr="132" mi="0" ci="1" mb="0" cb="0" />
      <line nr="133" mi="0" ci="1" mb="0" cb="0" />
      <line nr="134" mi="0" ci="1" mb="0" cb="0" />
      <line nr="135" mi="0" ci="1" mb="0" cb="0" />
      <line nr="136" mi="0" ci="1" mb="0" cb="0" />
      <line nr="137" mi="3" ci="0" mb="0" cb="0" />
      <line nr="140" mi="0" ci="1" mb="0" cb="0" />
      <line nr="141" mi="0" ci="1" mb="0" cb="0" />
      <line nr="143" mi="0" ci="1" mb="0" cb="0" />
      <line nr="144" mi="0" ci="1" mb="0" cb="0" />
      <line nr="145" mi="0" ci="1" mb="0" cb="0" />
      <line nr="147" mi="0" ci="3" mb="0" cb="0" />
      <line nr="148" mi="0" ci="1" mb="0" cb="0" />
      <line nr="151" mi="0" ci="1" mb="0" cb="0" />
      <line nr="152" mi="0" ci="1" mb="0" cb="0" />
      <line nr="153" mi="0" ci="1" mb="0" cb="0" />
      <line nr="154" mi="0" ci="4" mb="0" cb="0" />
      <line nr="155" mi="0" ci="3" mb="0" cb="0" />
      <line nr="158" mi="0" ci="3" mb="0" cb="0" />
      <line nr="161" mi="0" ci="1" mb="0" cb="0" />
      <counter type="INSTRUCTION" missed="9" covered="108" />
      <counter type="LINE" missed="2" covered="69" />
      <counter type="METHOD" missed="0" covered="6" />
      <counter type="CLASS" missed="0" covered="1" />
    </sourcefile>
    <counter type="INSTRUCTION" missed="14" covered="154" />
    <counter type="LINE" missed="4" covered="101" />
    <counter type="METHOD" missed="0" covered="10" />
    <counter type="CLASS" missed="0" covered="2" />
  </package>
  <package name="powershell/lib">
    <class name="powershell/lib/Cli" sourcefilename="lib/Cli.psm1">
      <method name="&lt;script&gt;" desc="()" line="9">
        <counter type="INSTRUCTION" missed="0" covered="10" />
        <counter type="LINE" missed="0" covered="10" />
        <counter type="METHOD" missed="0" covered="1" />
      </method>
      <method name="Get-JiraExitCode" desc="()" line="25">
        <counter type="INSTRUCTION" missed="1" covered="2" />
        <counter type="LINE" missed="1" covered="2" />
        <counter type="METHOD" missed="0" covered="1" />
      </method>
      <method name="Invoke-JiraCliParse" desc="()" line="35">
        <counter type="INSTRUCTION" missed="4" covered="41" />
        <counter type="LINE" missed="3" covered="35" />
        <counter type="METHOD" missed="0" covered="1" />
      </method>
      <counter type="INSTRUCTION" missed="5" covered="53" />
      <counter type="LINE" missed="4" covered="47" />
      <counter type="METHOD" missed="0" covered="3" />
      <counter type="CLASS" missed="0" covered="1" />
    </class>
    <class name="powershell/lib/Config" sourcefilename="lib/Config.psm1">
      <method name="&lt;script&gt;" desc="()" line="17">
        <counter type="INSTRUCTION" missed="0" covered="10" />
        <counter type="LINE" missed="0" covered="9" />
        <counter type="METHOD" missed="0" covered="1" />
      </method>
      <method name="Get-JiraExtensionYmlPath" desc="()" line="28">
        <counter type="INSTRUCTION" missed="1" covered="3" />
        <counter type="LINE" missed="0" covered="2" />
        <counter type="METHOD" missed="0" covered="1" />
      </method>
      <method name="Get-JiraConfigDirPath" desc="()" line="33">
        <counter type="INSTRUCTION" missed="1" covered="2" />
        <counter type="LINE" missed="1" covered="1" />
        <counter type="METHOD" missed="0" covered="1" />
      </method>
      <method name="Get-JiraExtensionVersion" desc="()" line="45">
        <counter type="INSTRUCTION" missed="6" covered="9" />
        <counter type="LINE" missed="4" covered="8" />
        <counter type="METHOD" missed="0" covered="1" />
      </method>
      <method name="Assert-JiraSingleVersionSource" desc="()" line="70">
        <counter type="INSTRUCTION" missed="0" covered="6" />
        <counter type="LINE" missed="0" covered="5" />
        <counter type="METHOD" missed="0" covered="1" />
      </method>
      <method name="Remove-CfgInlineComment" desc="()" line="91">
        <counter type="INSTRUCTION" missed="0" covered="14" />
        <counter type="LINE" missed="0" covered="9" />
        <counter type="METHOD" missed="0" covered="1" />
      </method>
      <method name="Initialize-CfgBuffer" desc="()" line="105">
        <counter type="INSTRUCTION" missed="0" covered="14" />
        <counter type="LINE" missed="0" covered="14" />
        <counter type="METHOD" missed="0" covered="1" />
      </method>
      <method name="Test-CfgMapEntry" desc="()" line="124">
        <counter type="INSTRUCTION" missed="0" covered="2" />
        <counter type="LINE" missed="0" covered="1" />
        <counter type="METHOD" missed="0" covered="1" />
      </method>
      <method name="Convert-CfgScalar" desc="()" line="129">
        <counter type="INSTRUCTION" missed="4" covered="8" />
        <counter type="LINE" missed="3" covered="7" />
        <counter type="METHOD" missed="0" covered="1" />
      </method>
      <method name="Read-CfgValue" desc="()" line="147">
        <counter type="INSTRUCTION" missed="1" covered="6" />
        <counter type="LINE" missed="0" covered="4" />
        <counter type="METHOD" missed="0" covered="1" />
      </method>
      <method name="Read-CfgMapping" desc="()" line="155">
        <counter type="INSTRUCTION" missed="1" covered="17" />
        <counter type="LINE" missed="1" covered="16" />
        <counter type="METHOD" missed="0" covered="1" />
      </method>
      <method name="Read-CfgSequence" desc="()" line="181">
        <counter type="INSTRUCTION" missed="1" covered="24" />
        <counter type="LINE" missed="1" covered="19" />
        <counter type="METHOD" missed="0" covered="1" />
      </method>
      <method name="Read-JiraConfigYamlObject" desc="()" line="214">
        <counter type="INSTRUCTION" missed="1" covered="5" />
        <counter type="LINE" missed="0" covered="4" />
        <counter type="METHOD" missed="0" covered="1" />
      </method>
      <method name="ConvertFrom-JiraConfigYaml" desc="()" line="228">
        <counter type="INSTRUCTION" missed="0" covered="3" />
        <counter type="LINE" missed="0" covered="2" />
        <counter type="METHOD" missed="0" covered="1" />
      </method>
      <method name="Write-CfgYamlScalar" desc="()" line="239">
        <counter type="INSTRUCTION" missed="4" covered="8" />
        <counter type="LINE" missed="3" covered="3" />
        <counter type="METHOD" missed="0" covered="1" />
      </method>
      <method name="Write-CfgYamlNode" desc="()" line="255">
        <counter type="INSTRUCTION" missed="8" covered="46" />
        <counter type="LINE" missed="3" covered="24" />
        <counter type="METHOD" missed="0" covered="1" />
      </method>
      <method name="ConvertTo-JiraConfigYaml" desc="()" line="305">
        <counter type="INSTRUCTION" missed="0" covered="4" />
        <counter type="LINE" missed="0" covered="2" />
        <counter type="METHOD" missed="0" covered="1" />
      </method>
      <method name="Get-JiraCredentialPathError" desc="()" line="319">
        <counter type="INSTRUCTION" missed="2" covered="26" />
        <counter type="LINE" missed="0" covered="17" />
        <counter type="METHOD" missed="0" covered="1" />
      </method>
      <method name="Get-JiraConfigCredentialError" desc="()" line="347">
        <counter type="INSTRUCTION" missed="0" covered="3" />
        <counter type="LINE" missed="0" covered="3" />
        <counter type="METHOD" missed="0" covered="1" />
      </method>
      <method name="Get-CfgProp" desc="()" line="358">
        <counter type="INSTRUCTION" missed="2" covered="5" />
        <counter type="LINE" missed="1" covered="4" />
        <counter type="METHOD" missed="0" covered="1" />
      </method>
      <method name="Test-JiraTeamConfig" desc="()" line="369">
        <counter type="INSTRUCTION" missed="5" covered="41" />
        <counter type="LINE" missed="1" covered="26" />
        <counter type="METHOD" missed="0" covered="1" />
      </method>
      <method name="Test-JiraLocalConfig" desc="()" line="411">
        <counter type="INSTRUCTION" missed="1" covered="10" />
        <counter type="LINE" missed="0" covered="6" />
        <counter type="METHOD" missed="0" covered="1" />
      </method>
      <method name="Merge-CfgObject" desc="()" line="429">
        <counter type="INSTRUCTION" missed="2" covered="11" />
        <counter type="LINE" missed="2" covered="8" />
        <counter type="METHOD" missed="0" covered="1" />
      </method>
      <method name="Import-JiraConfig" desc="()" line="452">
        <counter type="INSTRUCTION" missed="17" covered="53" />
        <counter type="LINE" missed="7" covered="28" />
        <counter type="METHOD" missed="1" covered="0" />
      </method>
      <method name="Get-JiraStatusClassification" desc="()" line="523">
        <counter type="INSTRUCTION" missed="0" covered="27" />
        <counter type="LINE" missed="0" covered="17" />
        <counter type="METHOD" missed="0" covered="1" />
      </method>
      <method name="Get-JiraPhaseStatusTargetSet" desc="()" line="555">
        <counter type="INSTRUCTION" missed="0" covered="13" />
        <counter type="LINE" missed="0" covered="7" />
        <counter type="METHOD" missed="0" covered="1" />
      </method>
      <counter type="INSTRUCTION" missed="57" covered="370" />
      <counter type="LINE" missed="27" covered="246" />
      <counter type="METHOD" missed="1" covered="25" />
      <counter type="CLASS" missed="0" covered="1" />
    </class>
    <class name="powershell/lib/Credentials" sourcefilename="lib/Credentials.psm1">
      <method name="&lt;script&gt;" desc="()" line="11">
        <counter type="INSTRUCTION" missed="0" covered="2" />
        <counter type="LINE" missed="0" covered="2" />
        <counter type="METHOD" missed="0" covered="1" />
      </method>
      <method name="Get-JiraConfigDir" desc="()" line="14">
        <counter type="INSTRUCTION" missed="1" covered="2" />
        <counter type="LINE" missed="1" covered="1" />
        <counter type="METHOD" missed="0" covered="1" />
      </method>
      <method name="Get-JiraSecretManagerToken" desc="()" line="21">
        <counter type="INSTRUCTION" missed="0" covered="3" />
        <counter type="LINE" missed="0" covered="2" />
        <counter type="METHOD" missed="0" covered="1" />
      </method>
      <method name="Get-JiraEnvFileToken" desc="()" line="26">
        <counter type="INSTRUCTION" missed="1" covered="8" />
        <counter type="LINE" missed="1" covered="5" />
        <counter type="METHOD" missed="0" covered="1" />
      </method>
      <method name="Resolve-JiraToken" desc="()" line="44">
        <counter type="INSTRUCTION" missed="0" covered="9" />
        <counter type="LINE" missed="0" covered="6" />
        <counter type="METHOD" missed="0" covered="1" />
      </method>
      <method name="Get-JiraAuthHeader" desc="()" line="61">
        <counter type="INSTRUCTION" missed="1" covered="5" />
        <counter type="LINE" missed="0" covered="4" />
        <counter type="METHOD" missed="0" covered="1" />
      </method>
      <counter type="INSTRUCTION" missed="3" covered="29" />
      <counter type="LINE" missed="2" covered="20" />
      <counter type="METHOD" missed="0" covered="6" />
      <counter type="CLASS" missed="0" covered="1" />
    </class>
    <class name="powershell/lib/Output" sourcefilename="lib/Output.psm1">
      <method name="&lt;script&gt;" desc="()" line="13">
        <counter type="INSTRUCTION" missed="0" covered="2" />
        <counter type="LINE" missed="0" covered="2" />
        <counter type="METHOD" missed="0" covered="1" />
      </method>
      <method name="ConvertTo-JiraJsonString" desc="()" line="18">
        <counter type="INSTRUCTION" missed="6" covered="12" />
        <counter type="LINE" missed="5" covered="12" />
        <counter type="METHOD" missed="0" covered="1" />
      </method>
      <method name="ConvertTo-JiraJsonValue" desc="()" line="48">
        <counter type="INSTRUCTION" missed="2" covered="38" />
        <counter type="LINE" missed="1" covered="22" />
        <counter type="METHOD" missed="0" covered="1" />
      </method>
      <method name="ConvertTo-JiraCanonicalJson" desc="()" line="97">
        <counter type="INSTRUCTION" missed="0" covered="3" />
        <counter type="LINE" missed="0" covered="2" />
        <counter type="METHOD" missed="0" covered="1" />
      </method>
      <method name="ConvertTo-JiraUriComponent" desc="()" line="109">
        <counter type="INSTRUCTION" missed="0" covered="9" />
        <counter type="LINE" missed="0" covered="9" />
        <counter type="METHOD" missed="0" covered="1" />
      </method>
      <method name="Write-JiraWarning" desc="()" line="129">
        <counter type="INSTRUCTION" missed="1" covered="0" />
        <counter type="LINE" missed="1" covered="0" />
        <counter type="METHOD" missed="1" covered="0" />
      </method>
      <method name="New-JiraSummaryJson" desc="()" line="149">
        <counter type="INSTRUCTION" missed="0" covered="12" />
        <counter type="LINE" missed="0" covered="12" />
        <counter type="METHOD" missed="0" covered="1" />
      </method>
      <method name="ConvertTo-JiraSummaryProse" desc="()" line="173">
        <counter type="INSTRUCTION" missed="1" covered="34" />
        <counter type="LINE" missed="0" covered="19" />
        <counter type="METHOD" missed="0" covered="1" />
      </method>
      <counter type="INSTRUCTION" missed="10" covered="110" />
      <counter type="LINE" missed="7" covered="78" />
      <counter type="METHOD" missed="1" covered="7" />
      <counter type="CLASS" missed="0" covered="1" />
    </class>
    <class name="powershell/lib/Prereq" sourcefilename="lib/Prereq.psm1">
      <method name="&lt;script&gt;" desc="()" line="7">
        <counter type="INSTRUCTION" missed="0" covered="5" />
        <counter type="LINE" missed="0" covered="4" />
        <counter type="METHOD" missed="0" covered="1" />
      </method>
      <method name="Test-JiraPrereq" desc="()" line="27">
        <counter type="INSTRUCTION" missed="1" covered="15" />
        <counter type="LINE" missed="1" covered="11" />
        <counter type="METHOD" missed="0" covered="1" />
      </method>
      <counter type="INSTRUCTION" missed="1" covered="20" />
      <counter type="LINE" missed="1" covered="15" />
      <counter type="METHOD" missed="0" covered="2" />
      <counter type="CLASS" missed="0" covered="1" />
    </class>
    <sourcefile name="lib/Cli.psm1">
      <line nr="9" mi="0" ci="1" mb="0" cb="0" />
      <line nr="12" mi="0" ci="1" mb="0" cb="0" />
      <line nr="13" mi="0" ci="1" mb="0" cb="0" />
      <line nr="14" mi="0" ci="1" mb="0" cb="0" />
      <line nr="15" mi="0" ci="1" mb="0" cb="0" />
      <line nr="16" mi="0" ci="1" mb="0" cb="0" />
      <line nr="17" mi="0" ci="1" mb="0" cb="0" />
      <line nr="18" mi="0" ci="1" mb="0" cb="0" />
      <line nr="19" mi="0" ci="1" mb="0" cb="0" />
      <line nr="25" mi="0" ci="1" mb="0" cb="0" />
      <line nr="26" mi="1" ci="0" mb="0" cb="0" />
      <line nr="28" mi="0" ci="1" mb="0" cb="0" />
      <line nr="35" mi="0" ci="1" mb="0" cb="0" />
      <line nr="36" mi="0" ci="1" mb="0" cb="0" />
      <line nr="37" mi="0" ci="1" mb="0" cb="0" />
      <line nr="38" mi="0" ci="1" mb="0" cb="0" />
      <line nr="39" mi="0" ci="1" mb="0" cb="0" />
      <line nr="40" mi="0" ci="1" mb="0" cb="0" />
      <line nr="41" mi="0" ci="1" mb="0" cb="0" />
      <line nr="42" mi="0" ci="1" mb="0" cb="0" />
      <line nr="43" mi="0" ci="1" mb="0" cb="0" />
      <line nr="45" mi="0" ci="1" mb="0" cb="0" />
      <line nr="46" mi="0" ci="1" mb="0" cb="0" />
      <line nr="48" mi="1" ci="2" mb="0" cb="0" />
      <line nr="51" mi="0" ci="1" mb="0" cb="0" />
      <line nr="52" mi="0" ci="1" mb="0" cb="0" />
      <line nr="53" mi="1" ci="0" mb="0" cb="0" />
      <line nr="54" mi="0" ci="1" mb="0" cb="0" />
      <line nr="55" mi="1" ci="0" mb="0" cb="0" />
      <line nr="57" mi="0" ci="1" mb="0" cb="0" />
      <line nr="58" mi="0" ci="1" mb="0" cb="0" />
      <line nr="59" mi="0" ci="1" mb="0" cb="0" />
      <line nr="63" mi="1" ci="0" mb="0" cb="0" />
      <line nr="64" mi="0" ci="1" mb="0" cb="0" />
      <line nr="65" mi="0" ci="1" mb="0" cb="0" />
      <line nr="67" mi="0" ci="1" mb="0" cb="0" />
      <line nr="70" mi="0" ci="1" mb="0" cb="0" />
      <line nr="71" mi="0" ci="1" mb="0" cb="0" />
      <line nr="72" mi="0" ci="2" mb="0" cb="0" />
      <line nr="73" mi="0" ci="1" mb="0" cb="0" />
      <line nr="76" mi="0" ci="1" mb="0" cb="0" />
      <line nr="77" mi="0" ci="1" mb="0" cb="0" />
      <line nr="78" mi="0" ci="1" mb="0" cb="0" />
      <line nr="79" mi="0" ci="1" mb="0" cb="0" />
      <line nr="80" mi="0" ci="1" mb="0" cb="0" />
      <line nr="81" mi="0" ci="1" mb="0" cb="0" />
      <line nr="82" mi="0" ci="1" mb="0" cb="0" />
      <line nr="83" mi="0" ci="2" mb="0" cb="0" />
      <line nr="84" mi="0" ci="2" mb="0" cb="0" />
      <line nr="89" mi="0" ci="3" mb="0" cb="0" />
      <line nr="92" mi="0" ci="1" mb="0" cb="0" />
      <counter type="INSTRUCTION" missed="5" covered="53" />
      <counter type="LINE" missed="4" covered="47" />
      <counter type="METHOD" missed="0" covered="3" />
      <counter type="CLASS" missed="0" covered="1" />
    </sourcefile>
    <sourcefile name="lib/Config.psm1">
      <line nr="17" mi="0" ci="1" mb="0" cb="0" />
      <line nr="19" mi="0" ci="2" mb="0" cb="0" />
      <line nr="21" mi="0" ci="1" mb="0" cb="0" />
      <line nr="28" mi="1" ci="1" mb="0" cb="0" />
      <line nr="29" mi="0" ci="2" mb="0" cb="0" />
      <line nr="33" mi="0" ci="2" mb="0" cb="0" />
      <line nr="34" mi="1" ci="0" mb="0" cb="0" />
      <line nr="45" mi="0" ci="1" mb="0" cb="0" />
      <line nr="46" mi="0" ci="2" mb="0" cb="0" />
      <line nr="47" mi="1" ci="0" mb="0" cb="0" />
      <line nr="48" mi="1" ci="0" mb="0" cb="0" />
      <line nr="50" mi="0" ci="1" mb="0" cb="0" />
      <line nr="51" mi="0" ci="1" mb="0" cb="0" />
      <line nr="52" mi="0" ci="1" mb="0" cb="0" />
      <line nr="53" mi="1" ci="1" mb="0" cb="0" />
      <line nr="54" mi="1" ci="1" mb="0" cb="0" />
      <line nr="55" mi="0" ci="1" mb="0" cb="0" />
      <line nr="58" mi="1" ci="0" mb="0" cb="0" />
      <line nr="59" mi="1" ci="0" mb="0" cb="0" />
      <line nr="70" mi="0" ci="2" mb="0" cb="0" />
      <line nr="71" mi="0" ci="1" mb="0" cb="0" />
      <line nr="72" mi="0" ci="1" mb="0" cb="0" />
      <line nr="73" mi="0" ci="1" mb="0" cb="0" />
      <line nr="75" mi="0" ci="1" mb="0" cb="0" />
      <line nr="84" mi="0" ci="1" mb="0" cb="0" />
      <line nr="85" mi="0" ci="1" mb="0" cb="0" />
      <line nr="86" mi="0" ci="1" mb="0" cb="0" />
      <line nr="87" mi="0" ci="1" mb="0" cb="0" />
      <line nr="91" mi="0" ci="1" mb="0" cb="0" />
      <line nr="92" mi="0" ci="3" mb="0" cb="0" />
      <line nr="93" mi="0" ci="1" mb="0" cb="0" />
      <line nr="94" mi="0" ci="2" mb="0" cb="0" />
      <line nr="95" mi="0" ci="2" mb="0" cb="0" />
      <line nr="96" mi="0" ci="2" mb="0" cb="0" />
      <line nr="97" mi="0" ci="1" mb="0" cb="0" />
      <line nr="98" mi="0" ci="1" mb="0" cb="0" />
      <line nr="100" mi="0" ci="1" mb="0" cb="0" />
      <line nr="105" mi="0" ci="1" mb="0" cb="0" />
      <line nr="106" mi="0" ci="1" mb="0" cb="0" />
      <line nr="107" mi="0" ci="1" mb="0" cb="0" />
      <line nr="108" mi="0" ci="1" mb="0" cb="0" />
      <line nr="109" mi="0" ci="1" mb="0" cb="0" />
      <line nr="110" mi="0" ci="1" mb="0" cb="0" />
      <line nr="111" mi="0" ci="1" mb="0" cb="0" />
      <line nr="112" mi="0" ci="1" mb="0" cb="0" />
      <line nr="113" mi="0" ci="1" mb="0" cb="0" />
      <line nr="114" mi="0" ci="1" mb="0" cb="0" />
      <line nr="115" mi="0" ci="1" mb="0" cb="0" />
      <line nr="116" mi="0" ci="1" mb="0" cb="0" />
      <line nr="117" mi="0" ci="1" mb="0" cb="0" />
      <line nr="119" mi="0" ci="1" mb="0" cb="0" />
      <line nr="124" mi="0" ci="2" mb="0" cb="0" />
      <line nr="129" mi="0" ci="1" mb="0" cb="0" />
      <line nr="130" mi="0" ci="2" mb="0" cb="0" />
      <line nr="131" mi="1" ci="1" mb="0" cb="0" />
      <line nr="132" mi="0" ci="1" mb="0" cb="0" />
      <line nr="133" mi="0" ci="1" mb="0" cb="0" />
      <line nr="134" mi="0" ci="1" mb="0" cb="0" />
      <line nr="135" mi="1" ci="0" mb="0" cb="0" />
      <line nr="136" mi="1" ci="0" mb="0" cb="0" />
      <line nr="137" mi="1" ci="0" mb="0" cb="0" />
[...]
      <line nr="167" mi="0" ci="1" mb="0" cb="0" />
      <line nr="168" mi="0" ci="1" mb="0" cb="0" />
      <line nr="169" mi="0" ci="1" mb="0" cb="0" />
      <line nr="170" mi="0" ci="1" mb="0" cb="0" />
      <line nr="173" mi="0" ci="4" mb="0" cb="0" />
      <line nr="184" mi="0" ci="2" mb="0" cb="0" />
      <line nr="192" mi="0" ci="1" mb="0" cb="0" />
      <line nr="193" mi="0" ci="1" mb="0" cb="0" />
      <line nr="194" mi="0" ci="1" mb="0" cb="0" />
      <line nr="195" mi="0" ci="2" mb="0" cb="0" />
      <line nr="198" mi="0" ci="1" mb="0" cb="0" />
      <line nr="199" mi="0" ci="1" mb="0" cb="0" />
      <line nr="200" mi="0" ci="2" mb="0" cb="0" />
      <line nr="201" mi="0" ci="1" mb="0" cb="0" />
      <line nr="202" mi="0" ci="1" mb="0" cb="0" />
      <line nr="203" mi="0" ci="1" mb="0" cb="0" />
      <line nr="213" mi="0" ci="1" mb="0" cb="0" />
      <line nr="214" mi="0" ci="1" mb="0" cb="0" />
      <line nr="215" mi="0" ci="1" mb="0" cb="0" />
      <line nr="216" mi="0" ci="1" mb="0" cb="0" />
      <line nr="217" mi="0" ci="3" mb="0" cb="0" />
      <line nr="218" mi="0" ci="1" mb="0" cb="0" />
      <line nr="219" mi="0" ci="1" mb="0" cb="0" />
      <line nr="220" mi="0" ci="1" mb="0" cb="0" />
      <line nr="221" mi="0" ci="1" mb="0" cb="0" />
      <line nr="222" mi="0" ci="2" mb="0" cb="0" />
      <line nr="225" mi="0" ci="2" mb="0" cb="0" />
      <line nr="238" mi="0" ci="1" mb="0" cb="0" />
      <line nr="239" mi="0" ci="1" mb="0" cb="0" />
      <line nr="240" mi="1" ci="0" mb="0" cb="0" />
      <line nr="241" mi="4" ci="0" mb="0" cb="0" />
      <line nr="243" mi="0" ci="1" mb="0" cb="0" />
      <line nr="244" mi="0" ci="1" mb="0" cb="0" />
      <line nr="247" mi="0" ci="1" mb="0" cb="0" />
      <line nr="248" mi="3" ci="1" mb="0" cb="0" />
      <line nr="249" mi="0" ci="2" mb="0" cb="0" />
      <line nr="250" mi="0" ci="1" mb="0" cb="0" />
      <line nr="253" mi="0" ci="1" mb="0" cb="0" />
      <line nr="254" mi="0" ci="1" mb="0" cb="0" />
      <line nr="255" mi="0" ci="4" mb="0" cb="0" />
      <line nr="258" mi="0" ci="1" mb="0" cb="0" />
      <line nr="259" mi="0" ci="1" mb="0" cb="0" />
      <line nr="260" mi="0" ci="1" mb="0" cb="0" />
      <line nr="261" mi="0" ci="1" mb="0" cb="0" />
      <line nr="262" mi="0" ci="1" mb="0" cb="0" />
      <line nr="263" mi="0" ci="1" mb="0" cb="0" />
      <line nr="264" mi="0" ci="1" mb="0" cb="0" />
      <line nr="265" mi="0" ci="2" mb="0" cb="0" />
      <line nr="266" mi="0" ci="1" mb="0" cb="0" />
      <line nr="267" mi="0" ci="3" mb="0" cb="0" />
      <line nr="272" mi="0" ci="1" mb="0" cb="0" />
      <line nr="273" mi="0" ci="1" mb="0" cb="0" />
      <line nr="274" mi="0" ci="1" mb="0" cb="0" />
      <line nr="276" mi="0" ci="1" mb="0" cb="0" />
      <line nr="277" mi="1" ci="1" mb="0" cb="0" />
      <line nr="279" mi="0" ci="1" mb="0" cb="0" />
      <line nr="280" mi="0" ci="1" mb="0" cb="0" />
      <line nr="281" mi="0" ci="1" mb="0" cb="0" />
      <line nr="282" mi="0" ci="1" mb="0" cb="0" />
      <line nr="283" mi="3" ci="1" mb="0" cb="0" />
      <line nr="284" mi="0" ci="1" mb="0" cb="0" />
      <line nr="288" mi="0" ci="1" mb="0" cb="0" />
      <line nr="289" mi="0" ci="1" mb="0" cb="0" />
      <line nr="290" mi="0" ci="1" mb="0" cb="0" />
      <line nr="291" mi="0" ci="1" mb="0" cb="0" />
      <line nr="292" mi="0" ci="1" mb="0" cb="0" />
      <line nr="293" mi="0" ci="1" mb="0" cb="0" />
      <line nr="294" mi="0" ci="1" mb="0" cb="0" />
      <line nr="295" mi="0" ci="1" mb="0" cb="0" />
      <line nr="296" mi="0" ci="1" mb="0" cb="0" />
      <line nr="297" mi="0" ci="1" mb="0" cb="0" />
      <line nr="298" mi="0" ci="4" mb="0" cb="0" />
      <line nr="299" mi="0" ci="4" mb="0" cb="0" />
      <line nr="300" mi="0" ci="3" mb="0" cb="0" />
      <line nr="303" mi="1" ci="0" mb="0" cb="0" />
      <line nr="304" mi="1" ci="0" mb="0" cb="0" />
      <line nr="305" mi="1" ci="0" mb="0" cb="0" />
      <line nr="306" mi="4" ci="0" mb="0" cb="0" />
      <line nr="307" mi="4" ci="0" mb="0" cb="0" />
      <line nr="308" mi="3" ci="0" mb="0" cb="0" />
      <line nr="314" mi="0" ci="1" mb="0" cb="0" />
      <line nr="315" mi="0" ci="1" mb="0" cb="0" />
      <line nr="316" mi="0" ci="1" mb="0" cb="0" />
      <line nr="317" mi="0" ci="2" mb="0" cb="0" />
      <line nr="318" mi="0" ci="2" mb="0" cb="0" />
      <line nr="319" mi="0" ci="1" mb="0" cb="0" />
      <line nr="320" mi="0" ci="1" mb="0" cb="0" />
      <line nr="321" mi="0" ci="5" mb="0" cb="0" />
      <line nr="325" mi="0" ci="1" mb="0" cb="0" />
      <line nr="326" mi="0" ci="1" mb="0" cb="0" />
      <line nr="327" mi="0" ci="1" mb="0" cb="0" />
      <line nr="328" mi="0" ci="1" mb="0" cb="0" />
      <line nr="329" mi="0" ci="4" mb="0" cb="0" />
      <line nr="330" mi="0" ci="3" mb="0" cb="0" />
      <line nr="334" mi="0" ci="1" mb="0" cb="0" />
      <line nr="335" mi="0" ci="1" mb="0" cb="0" />
      <line nr="336" mi="0" ci="1" mb="0" cb="0" />
      <line nr="337" mi="0" ci="1" mb="0" cb="0" />
      <line nr="338" mi="0" ci="4" mb="0" cb="0" />
      <line nr="339" mi="0" ci="3" mb="0" cb="0" />
      <line nr="343" mi="0" ci="1" mb="0" cb="0" />
      <line nr="344" mi="0" ci="1" mb="0" cb="0" />
      <line nr="345" mi="0" ci="2" mb="0" cb="0" />
      <line nr="346" mi="0" ci="2" mb="0" cb="0" />
      <line nr="347" mi="0" ci="2" mb="0" cb="0" />
      <line nr="348" mi="0" ci="1" mb="0" cb="0" />
      <line nr="349" mi="0" ci="2" mb="0" cb="0" />
      <line nr="350" mi="0" ci="1" mb="0" cb="0" />
      <line nr="351" mi="0" ci="1" mb="0" cb="0" />
      <line nr="352" mi="0" ci="1" mb="0" cb="0" />
      <line nr="353" mi="0" ci="1" mb="0" cb="0" />
      <line nr="354" mi="0" ci="1" mb="0" cb="0" />
      <line nr="357" mi="0" ci="4" mb="0" cb="0" />
      <line nr="368" mi="2" ci="0" mb="0" cb="0" />
      <line nr="371" mi="0" ci="1" mb="0" cb="0" />
      <counter type="INSTRUCTION" missed="38" covered="271" />
      <counter type="LINE" missed="14" covered="186" />
      <counter type="METHOD" missed="1" covered="8" />
      <counter type="CLASS" missed="0" covered="1" />
    </sourcefile>
    <sourcefile name="sink/jira/Identity.psm1">
      <line nr="9" mi="0" ci="1" mb="0" cb="0" />
      <line nr="11" mi="0" ci="2" mb="0" cb="0" />
      <line nr="12" mi="0" ci="2" mb="0" cb="0" />
      <line nr="13" mi="0" ci="2" mb="0" cb="0" />
      <line nr="16" mi="1" ci="1" mb="0" cb="0" />
      <line nr="17" mi="0" ci="1" mb="0" cb="0" />
      <line nr="27" mi="0" ci="2" mb="0" cb="0" />
      <line nr="28" mi="1" ci="2" mb="0" cb="0" />
      <line nr="29" mi="1" ci="2" mb="0" cb="0" />
      <line nr="30" mi="0" ci="6" mb="0" cb="0" />
      <line nr="41" mi="0" ci="2" mb="0" cb="0" />
      <line nr="42" mi="0" ci="2" mb="0" cb="0" />
      <line nr="43" mi="1" ci="2" mb="0" cb="0" />
      <line nr="44" mi="1" ci="2" mb="0" cb="0" />
      <line nr="45" mi="0" ci="4" mb="0" cb="0" />
      <line nr="50" mi="1" ci="2" mb="0" cb="0" />
      <line nr="51" mi="0" ci="2" mb="0" cb="0" />
      <line nr="63" mi="0" ci="1" mb="0" cb="0" />
      <line nr="64" mi="1" ci="0" mb="0" cb="0" />
      <line nr="65" mi="4" ci="0" mb="0" cb="0" />
      <line nr="67" mi="0" ci="2" mb="0" cb="0" />
      <line nr="68" mi="0" ci="1" mb="0" cb="0" />
      <line nr="69" mi="0" ci="2" mb="0" cb="0" />
      <line nr="70" mi="0" ci="1" mb="0" cb="0" />
      <line nr="71" mi="0" ci="1" mb="0" cb="0" />
      <line nr="72" mi="0" ci="1" mb="0" cb="0" />
      <line nr="74" mi="0" ci="3" mb="0" cb="0" />
      <line nr="76" mi="0" ci="1" mb="0" cb="0" />
      <line nr="77" mi="0" ci="3" mb="0" cb="0" />
      <line nr="79" mi="3" ci="0" mb="0" cb="0" />
      <line nr="90" mi="0" ci="1" mb="0" cb="0" />
      <line nr="91" mi="1" ci="0" mb="0" cb="0" />
      <line nr="92" mi="2" ci="0" mb="0" cb="0" />
      <line nr="94" mi="1" ci="1" mb="0" cb="0" />
      <line nr="95" mi="0" ci="1" mb="0" cb="0" />
      <line nr="96" mi="0" ci="2" mb="0" cb="0" />
      <line nr="97" mi="0" ci="1" mb="0" cb="0" />
      <line nr="100" mi="0" ci="1" mb="0" cb="0" />
      <counter type="INSTRUCTION" missed="18" covered="60" />
      <counter type="LINE" missed="5" covered="33" />
      <counter type="METHOD" missed="0" covered="7" />
      <counter type="CLASS" missed="0" covered="1" />
    </sourcefile>
    <sourcefile name="sink/jira/PlanApply.psm1">
      <line nr="13" mi="0" ci="1" mb="0" cb="0" />
      <line nr="15" mi="0" ci="2" mb="0" cb="0" />
      <line nr="16" mi="0" ci="2" mb="0" cb="0" />
      <line nr="17" mi="0" ci="2" mb="0" cb="0" />
      <line nr="19" mi="0" ci="2" mb="0" cb="0" />
      <line nr="20" mi="0" ci="2" mb="0" cb="0" />
      <line nr="21" mi="0" ci="2" mb="0" cb="0" />
      <line nr="22" mi="0" ci="2" mb="0" cb="0" />
      <line nr="23" mi="0" ci="2" mb="0" cb="0" />
      <line nr="29" mi="0" ci="2" mb="0" cb="0" />
      <line nr="30" mi="0" ci="1" mb="0" cb="0" />
      <line nr="31" mi="0" ci="2" mb="0" cb="0" />
      <line nr="32" mi="0" ci="1" mb="0" cb="0" />
      <line nr="45" mi="0" ci="2" mb="0" cb="0" />
      <line nr="46" mi="0" ci="2" mb="0" cb="0" />
      <line nr="48" mi="0" ci="2" mb="0" cb="0" />
      <line nr="49" mi="0" ci="2" mb="0" cb="0" />
      <line nr="50" mi="0" ci="2" mb="0" cb="0" />
      <line nr="51" mi="0" ci="1" mb="0" cb="0" />
      <line nr="52" mi="0" ci="1" mb="0" cb="0" />
      <line nr="54" mi="0" ci="1" mb="0" cb="0" />
      <line nr="55" mi="0" ci="1" mb="0" cb="0" />
      <line nr="56" mi="0" ci="3" mb="0" cb="0" />
      <line nr="58" mi="0" ci="1" mb="0" cb="0" />
      <line nr="59" mi="0" ci="1" mb="0" cb="0" />
      <line nr="60" mi="0" ci="1" mb="0" cb="0" />
      <line nr="61" mi="0" ci="1" mb="0" cb="0" />
      <line nr="62" mi="0" ci="1" mb="0" cb="0" />
      <line nr="64" mi="0" ci="2" mb="0" cb="0" />
      <line nr="65" mi="0" ci="2" mb="0" cb="0" />
      <line nr="68" mi="0" ci="1" mb="0" cb="0" />
      <line nr="69" mi="0" ci="2" mb="0" cb="0" />
      <line nr="71" mi="0" ci="3" mb="0" cb="0" />
      <line nr="72" mi="0" ci="1" mb="0" cb="0" />
      <line nr="74" mi="0" ci="3" mb="0" cb="0" />
      <line nr="75" mi="0" ci="3" mb="0" cb="0" />
      <line nr="76" mi="0" ci="1" mb="0" cb="0" />
      <line nr="77" mi="0" ci="2" mb="0" cb="0" />
      <line nr="78" mi="0" ci="5" mb="0" cb="0" />
      <line nr="83" mi="0" ci="1" mb="0" cb="0" />
      <line nr="84" mi="0" ci="2" mb="0" cb="0" />
      <line nr="85" mi="0" ci="1" mb="0" cb="0" />
      <line nr="86" mi="0" ci="1" mb="0" cb="0" />
      <line nr="87" mi="0" ci="1" mb="0" cb="0" />
      <line nr="88" mi="1" ci="2" mb="0" cb="0" />
      <line nr="89" mi="0" ci="2" mb="0" cb="0" />
      <line nr="90" mi="0" ci="1" mb="0" cb="0" />
      <line nr="92" mi="0" ci="3" mb="0" cb="0" />
      <line nr="93" mi="0" ci="5" mb="0" cb="0" />
      <line nr="96" mi="0" ci="2" mb="0" cb="0" />
      <line nr="112" mi="0" ci="1" mb="0" cb="0" />
      <line nr="113" mi="0" ci="2" mb="0" cb="0" />
      <line nr="114" mi="0" ci="2" mb="0" cb="0" />
      <line nr="115" mi="1" ci="2" mb="0" cb="0" />
      <line nr="116" mi="1" ci="2" mb="0" cb="0" />
      <line nr="117" mi="0" ci="5" mb="0" cb="0" />
      <line nr="118" mi="0" ci="5" mb="0" cb="0" />
      <line nr="119" mi="0" ci="2" mb="0" cb="0" />
      <line nr="120" mi="0" ci="2" mb="0" cb="0" />
      <line nr="121" mi="0" ci="2" mb="0" cb="0" />
      <line nr="122" mi="0" ci="1" mb="0" cb="0" />
      <line nr="142" mi="0" ci="1" mb="0" cb="0" />
      <line nr="143" mi="0" ci="4" mb="0" cb="0" />
      <line nr="144" mi="0" ci="2" mb="0" cb="0" />
      <line nr="145" mi="0" ci="2" mb="0" cb="0" />
      <line nr="147" mi="0" ci="4" mb="0" cb="0" />
      <line nr="148" mi="0" ci="2" mb="0" cb="0" />
      <line nr="149" mi="0" ci="1" mb="0" cb="0" />
      <line nr="150" mi="0" ci="1" mb="0" cb="0" />
      <line nr="151" mi="0" ci="4" mb="0" cb="0" />
      <line nr="152" mi="0" ci="1" mb="0" cb="0" />
      <line nr="153" mi="0" ci="1" mb="0" cb="0" />
      <line nr="154" mi="0" ci="1" mb="0" cb="0" />
      <line nr="155" mi="0" ci="4" mb="0" cb="0" />
      <line nr="157" mi="0" ci="1" mb="0" cb="0" />
      <line nr="158" mi="0" ci="1" mb="0" cb="0" />
      <line nr="159" mi="0" ci="1" mb="0" cb="0" />
      <line nr="161" mi="0" ci="3" mb="0" cb="0" />
      <line nr="162" mi="0" ci="1" mb="0" cb="0" />
      <line nr="163" mi="0" ci="1" mb="0" cb="0" />
      <line nr="164" mi="0" ci="1" mb="0" cb="0" />
      <line nr="165" mi="0" ci="1" mb="0" cb="0" />
      <line nr="166" mi="0" ci="1" mb="0" cb="0" />
      <line nr="167" mi="0" ci="1" mb="0" cb="0" />
      <line nr="168" mi="1" ci="1" mb="0" cb="0" />
      <line nr="170" mi="0" ci="1" mb="0" cb="0" />
      <line nr="171" mi="0" ci="1" mb="0" cb="0" />
      <line nr="174" mi="0" ci="1" mb="0" cb="0" />
      <line nr="175" mi="0" ci="1" mb="0" cb="0" />
      <line nr="176" mi="0" ci="1" mb="0" cb="0" />
      <line nr="177" mi="1" ci="0" mb="0" cb="0" />
      <line nr="178" mi="1" ci="0" mb="0" cb="0" />
      <line nr="179" mi="2" ci="0" mb="0" cb="0" />
      <line nr="180" mi="1" ci="0" mb="0" cb="0" />
      <line nr="183" mi="3" ci="0" mb="0" cb="0" />
      <line nr="184" mi="1" ci="0" mb="0" cb="0" />
      <line nr="185" mi="3" ci="0" mb="0" cb="0" />
      <line nr="186" mi="3" ci="0" mb="0" cb="0" />
      <line nr="187" mi="4" ci="0" mb="0" cb="0" />
      <line nr="188" mi="4" ci="0" mb="0" cb="0" />
      <line nr="189" mi="3" ci="0" mb="0" cb="0" />
      <line nr="190" mi="2" ci="0" mb="0" cb="0" />
      <line nr="192" mi="2" ci="0" mb="0" cb="0" />
      <line nr="193" mi="1" ci="0" mb="0" cb="0" />
      <line nr="199" mi="0" ci="2" mb="0" cb="0" />
      <line nr="200" mi="0" ci="2" mb="0" cb="0" />
      <line nr="201" mi="1" ci="3" mb="0" cb="0" />
      <line nr="202" mi="0" ci="1" mb="0" cb="0" />
      <line nr="203" mi="0" ci="2" mb="0" cb="0" />
      <line nr="204" mi="0" ci="2" mb="0" cb="0" />
      <line nr="205" mi="0" ci="2" mb="0" cb="0" />
      <line nr="207" mi="0" ci="1" mb="0" cb="0" />
      <line nr="208" mi="0" ci="1" mb="0" cb="0" />
      <line nr="209" mi="0" ci="1" mb="0" cb="0" />
      <line nr="212" mi="0" ci="7" mb="0" cb="0" />
      <line nr="213" mi="0" ci="2" mb="0" cb="0" />
      <line nr="214" mi="0" ci="3" mb="0" cb="0" />
      <line nr="215" mi="1" ci="1" mb="0" cb="0" />
      <line nr="216" mi="0" ci="2" mb="0" cb="0" />
      <line nr="220" mi="0" ci="2" mb="0" cb="0" />
      <line nr="222" mi="0" ci="1" mb="0" cb="0" />
      <line nr="223" mi="0" ci="6" mb="0" cb="0" />
      <line nr="224" mi="0" ci="1" mb="0" cb="0" />
      <line nr="225" mi="0" ci="1" mb="0" cb="0" />
      <line nr="226" mi="0" ci="4" mb="0" cb="0" />
      <line nr="227" mi="0" ci="1" mb="0" cb="0" />
      <line nr="228" mi="0" ci="2" mb="0" cb="0" />
      <line nr="229" mi="0" ci="1" mb="0" cb="0" />
      <line nr="234" mi="0" ci="4" mb="0" cb="0" />
      <line nr="235" mi="0" ci="2" mb="0" cb="0" />
      <line nr="242" mi="0" ci="3" mb="0" cb="0" />
      <line nr="243" mi="0" ci="1" mb="0" cb="0" />
      <line nr="244" mi="0" ci="1" mb="0" cb="0" />
      <line nr="245" mi="1" ci="3" mb="0" cb="0" />
      <line nr="246" mi="0" ci="2" mb="0" cb="0" />
      <line nr="247" mi="0" ci="1" mb="0" cb="0" />
      <line nr="248" mi="0" ci="4" mb="0" cb="0" />
      <line nr="249" mi="0" ci="2" mb="0" cb="0" />
      <line nr="264" mi="0" ci="1" mb="0" cb="0" />
      <line nr="267" mi="1" ci="2" mb="0" cb="0" />
      <line nr="268" mi="0" ci="3" mb="0" cb="0" />
      <line nr="271" mi="0" ci="1" mb="0" cb="0" />
      <line nr="272" mi="1" ci="2" mb="0" cb="0" />
      <line nr="273" mi="1" ci="2" mb="0" cb="0" />
      <line nr="274" mi="0" ci="1" mb="0" cb="0" />
      <line nr="275" mi="0" ci="2" mb="0" cb="0" />
      <line nr="282" mi="0" ci="1" mb="0" cb="0" />
      <line nr="283" mi="0" ci="1" mb="0" cb="0" />
      <line nr="284" mi="1" ci="2" mb="0" cb="0" />
      <line nr="285" mi="0" ci="1" mb="0" cb="0" />
      <line nr="286" mi="0" ci="1" mb="0" cb="0" />
      <line nr="287" mi="0" ci="1" mb="0" cb="0" />
      <line nr="290" mi="1" ci="0" mb="0" cb="0" />
      <line nr="292" mi="0" ci="2" mb="0" cb="0" />
      <line nr="293" mi="0" ci="2" mb="0" cb="0" />
      <line nr="295" mi="0" ci="1" mb="0" cb="0" />
      <line nr="298" mi="0" ci="1" mb="0" cb="0" />
      <counter type="INSTRUCTION" missed="43" covered="264" />
      <counter type="LINE" missed="15" covered="142" />
      <counter type="METHOD" missed="0" covered="7" />
      <counter type="CLASS" missed="0" covered="1" />
    </sourcefile>
    <sourcefile name="sink/jira/PrivacyGuard.psm1">
      <line nr="13" mi="0" ci="1" mb="0" cb="0" />
      <line nr="15" mi="0" ci="2" mb="0" cb="0" />
      <line nr="16" mi="0" ci="2" mb="0" cb="0" />
      <line nr="22" mi="0" ci="3" mb="0" cb="0" />
      <line nr="23" mi="0" ci="1" mb="0" cb="0" />
      <line nr="24" mi="0" ci="1" mb="0" cb="0" />
      <line nr="25" mi="0" ci="2" mb="0" cb="0" />
      <line nr="27" mi="0" ci="1" mb="0" cb="0" />
      <line nr="43" mi="0" ci="1" mb="0" cb="0" />
      <line nr="47" mi="0" ci="2" mb="0" cb="0" />
      <line nr="50" mi="0" ci="2" mb="0" cb="0" />
      <line nr="53" mi="0" ci="3" mb="0" cb="0" />
      <line nr="54" mi="0" ci="1" mb="0" cb="0" />
      <line nr="55" mi="0" ci="1" mb="0" cb="0" />
      <line nr="56" mi="0" ci="2" mb="0" cb="0" />
      <line nr="59" mi="0" ci="1" mb="0" cb="0" />
      <line nr="75" mi="0" ci="1" mb="0" cb="0" />
      <line nr="76" mi="0" ci="1" mb="0" cb="0" />
      <line nr="77" mi="0" ci="1" mb="0" cb="0" />
      <line nr="78" mi="0" ci="2" mb="0" cb="0" />
      <line nr="80" mi="0" ci="1" mb="0" cb="0" />
      <line nr="95" mi="0" ci="1" mb="0" cb="0" />
      <line nr="97" mi="0" ci="2" mb="0" cb="0" />
      <line nr="98" mi="0" ci="2" mb="0" cb="0" />
      <line nr="99" mi="0" ci="1" mb="0" cb="0" />
      <line nr="111" mi="0" ci="1" mb="0" cb="0" />
      <line nr="112" mi="0" ci="1" mb="0" cb="0" />
      <line nr="113" mi="0" ci="2" mb="0" cb="0" />
      <line nr="114" mi="0" ci="2" mb="0" cb="0" />
      <line nr="115" mi="0" ci="1" mb="0" cb="0" />
      <line nr="116" mi="0" ci="1" mb="0" cb="0" />
      <line nr="119" mi="0" ci="3" mb="0" cb="0" />
      <line nr="120" mi="0" ci="8" mb="0" cb="0" />
      <line nr="121" mi="0" ci="2" mb="0" cb="0" />
      <line nr="133" mi="1" ci="2" mb="0" cb="0" />
      <line nr="134" mi="0" ci="2" mb="0" cb="0" />
      <line nr="135" mi="0" ci="2" mb="0" cb="0" />
      <line nr="136" mi="0" ci="1" mb="0" cb="0" />
      <line nr="137" mi="0" ci="1" mb="0" cb="0" />
      <line nr="138" mi="0" ci="2" mb="0" cb="0" />
      <line nr="141" mi="0" ci="1" mb="0" cb="0" />
      <line nr="142" mi="0" ci="1" mb="0" cb="0" />
      <line nr="143" mi="0" ci="2" mb="0" cb="0" />
      <line nr="146" mi="0" ci="2" mb="0" cb="0" />
      <line nr="148" mi="0" ci="1" mb="0" cb="0" />
      <line nr="151" mi="0" ci="1" mb="0" cb="0" />
      <counter type="INSTRUCTION" missed="1" covered="77" />
      <counter type="LINE" missed="0" covered="46" />
      <counter type="METHOD" missed="0" covered="7" />
      <counter type="CLASS" missed="0" covered="1" />
    </sourcefile>
    <counter type="INSTRUCTION" missed="149" covered="899" />
    <counter type="LINE" missed="49" covered="522" />
    <counter type="METHOD" missed="1" covered="44" />
    <counter type="CLASS" missed="0" covered="6" />
  </package>
  <counter type="INSTRUCTION" missed="362" covered="2649" />
  <counter type="LINE" missed="141" covered="1671" />
  <counter type="METHOD" missed="3" covered="137" />
  <counter type="CLASS" missed="0" covered="21" />
</report>
